ARM GAS  C:\Users\liuda\AppData\Local\Temp\ccIn6hKm.s 			page 1


   1              		.cpu cortex-m4
   2              		.arch armv7e-m
   3              		.fpu fpv4-sp-d16
   4              		.eabi_attribute 27, 1
   5              		.eabi_attribute 28, 1
   6              		.eabi_attribute 20, 1
   7              		.eabi_attribute 21, 1
   8              		.eabi_attribute 23, 3
   9              		.eabi_attribute 24, 1
  10              		.eabi_attribute 25, 1
  11              		.eabi_attribute 26, 1
  12              		.eabi_attribute 30, 1
  13              		.eabi_attribute 34, 1
  14              		.eabi_attribute 18, 4
  15              		.file	"main.c"
  16              		.text
  17              	.Ltext0:
  18              		.cfi_sections	.debug_frame
  19              		.section	.text.Error_Handler,"ax",%progbits
  20              		.align	1
  21              		.global	Error_Handler
  22              		.syntax unified
  23              		.thumb
  24              		.thumb_func
  26              	Error_Handler:
  27              	.LFB132:
  28              		.file 1 "Core/Src/main.c"
   1:Core/Src/main.c **** /* USER CODE BEGIN Header */
   2:Core/Src/main.c **** /**
   3:Core/Src/main.c ****   ******************************************************************************
   4:Core/Src/main.c ****   * @file           : main.c
   5:Core/Src/main.c ****   * @brief          : Main program body
   6:Core/Src/main.c ****   ******************************************************************************
   7:Core/Src/main.c ****   * @attention
   8:Core/Src/main.c ****   *
   9:Core/Src/main.c ****   * Copyright (c) 2023 STMicroelectronics.
  10:Core/Src/main.c ****   * All rights reserved.
  11:Core/Src/main.c ****   *
  12:Core/Src/main.c ****   * This software is licensed under terms that can be found in the LICENSE file
  13:Core/Src/main.c ****   * in the root directory of this software component.
  14:Core/Src/main.c ****   * If no LICENSE file comes with this software, it is provided AS-IS.
  15:Core/Src/main.c ****   *
  16:Core/Src/main.c ****   ******************************************************************************
  17:Core/Src/main.c ****   */
  18:Core/Src/main.c **** /* USER CODE END Header */
  19:Core/Src/main.c **** /* Includes ------------------------------------------------------------------*/
  20:Core/Src/main.c **** #include "main.h"
  21:Core/Src/main.c **** #include "dma.h"
  22:Core/Src/main.c **** #include "tim.h"
  23:Core/Src/main.c **** #include "usart.h"
  24:Core/Src/main.c **** #include "gpio.h"
  25:Core/Src/main.c **** 
  26:Core/Src/main.c **** /* Private includes ----------------------------------------------------------*/
  27:Core/Src/main.c **** /* USER CODE BEGIN Includes */
  28:Core/Src/main.c **** #include "pid.h"
  29:Core/Src/main.c **** #include "zigbee_edc24.h"
  30:Core/Src/main.c **** #include "jy62.h"
ARM GAS  C:\Users\liuda\AppData\Local\Temp\ccIn6hKm.s 			page 2


  31:Core/Src/main.c **** #include <stdlib.h>
  32:Core/Src/main.c **** #include "inverse_kinematics.h"
  33:Core/Src/main.c **** /* USER CODE END Includes */
  34:Core/Src/main.c **** 
  35:Core/Src/main.c **** /* Private typedef -----------------------------------------------------------*/
  36:Core/Src/main.c **** /* USER CODE BEGIN PTD */
  37:Core/Src/main.c **** 
  38:Core/Src/main.c **** /* USER CODE END PTD */
  39:Core/Src/main.c **** 
  40:Core/Src/main.c **** /* Private define ------------------------------------------------------------*/
  41:Core/Src/main.c **** /* USER CODE BEGIN PD */
  42:Core/Src/main.c **** /* USER CODE END PD */
  43:Core/Src/main.c **** 
  44:Core/Src/main.c **** /* Private macro -------------------------------------------------------------*/
  45:Core/Src/main.c **** /* USER CODE BEGIN PM */
  46:Core/Src/main.c **** 
  47:Core/Src/main.c **** /* USER CODE END PM */
  48:Core/Src/main.c **** 
  49:Core/Src/main.c **** /* Private variables ---------------------------------------------------------*/
  50:Core/Src/main.c **** 
  51:Core/Src/main.c **** /* USER CODE BEGIN PV */
  52:Core/Src/main.c **** 
  53:Core/Src/main.c **** /* USER CODE END PV */
  54:Core/Src/main.c **** 
  55:Core/Src/main.c **** /* Private function prototypes -----------------------------------------------*/
  56:Core/Src/main.c **** void SystemClock_Config(void);
  57:Core/Src/main.c **** /* USER CODE BEGIN PFP */
  58:Core/Src/main.c **** 
  59:Core/Src/main.c **** /* USER CODE END PFP */
  60:Core/Src/main.c **** 
  61:Core/Src/main.c **** /* Private user code ---------------------------------------------------------*/
  62:Core/Src/main.c **** /* USER CODE BEGIN 0 */
  63:Core/Src/main.c **** wheel_obj wheel_lb, wheel_rb, wheel_lf, wheel_rf;
  64:Core/Src/main.c **** extern uint8_t jy62_flag;
  65:Core/Src/main.c **** /* USER CODE END 0 */
  66:Core/Src/main.c **** 
  67:Core/Src/main.c **** /**
  68:Core/Src/main.c ****   * @brief  The application entry point.
  69:Core/Src/main.c ****   * @retval int
  70:Core/Src/main.c ****   */
  71:Core/Src/main.c **** int main(void)
  72:Core/Src/main.c **** {
  73:Core/Src/main.c ****   /* USER CODE BEGIN 1 */
  74:Core/Src/main.c **** 
  75:Core/Src/main.c ****   /* USER CODE END 1 */
  76:Core/Src/main.c **** 
  77:Core/Src/main.c ****   /* MCU Configuration--------------------------------------------------------*/
  78:Core/Src/main.c **** 
  79:Core/Src/main.c ****   /* Reset of all peripherals, Initializes the Flash interface and the Systick. */
  80:Core/Src/main.c ****   HAL_Init();
  81:Core/Src/main.c **** 
  82:Core/Src/main.c ****   /* USER CODE BEGIN Init */
  83:Core/Src/main.c **** 
  84:Core/Src/main.c ****   /* USER CODE END Init */
  85:Core/Src/main.c **** 
  86:Core/Src/main.c ****   /* Configure the system clock */
  87:Core/Src/main.c ****   SystemClock_Config();
ARM GAS  C:\Users\liuda\AppData\Local\Temp\ccIn6hKm.s 			page 3


  88:Core/Src/main.c **** 
  89:Core/Src/main.c ****   /* USER CODE BEGIN SysInit */
  90:Core/Src/main.c **** 
  91:Core/Src/main.c ****   /* USER CODE END SysInit */
  92:Core/Src/main.c **** 
  93:Core/Src/main.c ****   /* Initialize all configured peripherals */
  94:Core/Src/main.c ****   MX_GPIO_Init();
  95:Core/Src/main.c ****   MX_DMA_Init();
  96:Core/Src/main.c ****   MX_TIM1_Init();
  97:Core/Src/main.c ****   MX_TIM3_Init();
  98:Core/Src/main.c ****   MX_TIM4_Init();
  99:Core/Src/main.c ****   MX_TIM5_Init();
 100:Core/Src/main.c ****   MX_UART4_Init();
 101:Core/Src/main.c ****   MX_UART5_Init();
 102:Core/Src/main.c ****   MX_TIM8_Init();
 103:Core/Src/main.c ****   MX_USART2_UART_Init();
 104:Core/Src/main.c ****   /* USER CODE BEGIN 2 */
 105:Core/Src/main.c ****   wheel_init(&wheel_lb, &htim1, TIM_CHANNEL_1, encoder_00_Pin, encoder_01_Pin, encoder_00_GPIO_Port
 106:Core/Src/main.c ****   wheel_init(&wheel_rb, &htim1, TIM_CHANNEL_2, encoder_10_Pin, encoder_11_Pin, encoder_10_GPIO_Port
 107:Core/Src/main.c ****   wheel_init(&wheel_lf, &htim1, TIM_CHANNEL_3, encoder_20_Pin, encoder_21_Pin, encoder_20_GPIO_Port
 108:Core/Src/main.c ****   wheel_init(&wheel_rf, &htim1, TIM_CHANNEL_4, encoder_30_Pin, encoder_31_Pin, encoder_30_GPIO_Port
 109:Core/Src/main.c **** 
 110:Core/Src/main.c ****   uint32_t time_last = HAL_GetTick();
 111:Core/Src/main.c ****   angVel_s act_angVel = {0, 0, 0, 0};
 112:Core/Src/main.c ****   angVel_s set_angVel = {0, 0, 0, 0};
 113:Core/Src/main.c ****   vel_s set_vel = {0, 0.1, 0};
 114:Core/Src/main.c ****   vel_s act_vel = {0, 0, 0};
 115:Core/Src/main.c ****   /* USER CODE END 2 */
 116:Core/Src/main.c **** 
 117:Core/Src/main.c ****   /* Infinite loop */
 118:Core/Src/main.c ****   /* USER CODE BEGIN WHILE */
 119:Core/Src/main.c ****   while (1)
 120:Core/Src/main.c ****   {
 121:Core/Src/main.c ****     if (HAL_GetTick() - time_last > 100)
 122:Core/Src/main.c ****     {
 123:Core/Src/main.c ****       act_angVel.w_lf = wheel_getVel(&wheel_lf);
 124:Core/Src/main.c ****       //act_angVel.w_rf = wheel_getVel(&wheel_rf);
 125:Core/Src/main.c ****       //act_angVel.w_lb = wheel_getVel(&wheel_lb);
 126:Core/Src/main.c ****       //act_angVel.w_rb = wheel_getVel(&wheel_rb);
 127:Core/Src/main.c ****       u1_printf("%f,%f\n", act_angVel.w_lb, set_angVel.w_lb);
 128:Core/Src/main.c ****       time_last = HAL_GetTick();
 129:Core/Src/main.c ****       wheel_pwm(&wheel_lf, set_angVel.w_lf - act_angVel.w_lf);
 130:Core/Src/main.c ****     }
 131:Core/Src/main.c ****     /* USER CODE END WHILE */
 132:Core/Src/main.c **** 
 133:Core/Src/main.c ****     /* USER CODE BEGIN 3 */
 134:Core/Src/main.c ****   }
 135:Core/Src/main.c ****   /* USER CODE END 3 */
 136:Core/Src/main.c **** }
 137:Core/Src/main.c **** 
 138:Core/Src/main.c **** /**
 139:Core/Src/main.c ****   * @brief System Clock Configuration
 140:Core/Src/main.c ****   * @retval None
 141:Core/Src/main.c ****   */
 142:Core/Src/main.c **** void SystemClock_Config(void)
 143:Core/Src/main.c **** {
 144:Core/Src/main.c ****   RCC_OscInitTypeDef RCC_OscInitStruct = {0};
ARM GAS  C:\Users\liuda\AppData\Local\Temp\ccIn6hKm.s 			page 4


 145:Core/Src/main.c ****   RCC_ClkInitTypeDef RCC_ClkInitStruct = {0};
 146:Core/Src/main.c **** 
 147:Core/Src/main.c ****   /** Configure the main internal regulator output voltage
 148:Core/Src/main.c ****   */
 149:Core/Src/main.c ****   __HAL_RCC_PWR_CLK_ENABLE();
 150:Core/Src/main.c ****   __HAL_PWR_VOLTAGESCALING_CONFIG(PWR_REGULATOR_VOLTAGE_SCALE1);
 151:Core/Src/main.c **** 
 152:Core/Src/main.c ****   /** Initializes the RCC Oscillators according to the specified parameters
 153:Core/Src/main.c ****   * in the RCC_OscInitTypeDef structure.
 154:Core/Src/main.c ****   */
 155:Core/Src/main.c ****   RCC_OscInitStruct.OscillatorType = RCC_OSCILLATORTYPE_HSE;
 156:Core/Src/main.c ****   RCC_OscInitStruct.HSEState = RCC_HSE_ON;
 157:Core/Src/main.c ****   RCC_OscInitStruct.PLL.PLLState = RCC_PLL_ON;
 158:Core/Src/main.c ****   RCC_OscInitStruct.PLL.PLLSource = RCC_PLLSOURCE_HSE;
 159:Core/Src/main.c ****   RCC_OscInitStruct.PLL.PLLM = 16;
 160:Core/Src/main.c ****   RCC_OscInitStruct.PLL.PLLN = 192;
 161:Core/Src/main.c ****   RCC_OscInitStruct.PLL.PLLP = RCC_PLLP_DIV8;
 162:Core/Src/main.c ****   RCC_OscInitStruct.PLL.PLLQ = 4;
 163:Core/Src/main.c ****   if (HAL_RCC_OscConfig(&RCC_OscInitStruct) != HAL_OK)
 164:Core/Src/main.c ****   {
 165:Core/Src/main.c ****     Error_Handler();
 166:Core/Src/main.c ****   }
 167:Core/Src/main.c **** 
 168:Core/Src/main.c ****   /** Initializes the CPU, AHB and APB buses clocks
 169:Core/Src/main.c ****   */
 170:Core/Src/main.c ****   RCC_ClkInitStruct.ClockType = RCC_CLOCKTYPE_HCLK|RCC_CLOCKTYPE_SYSCLK
 171:Core/Src/main.c ****                               |RCC_CLOCKTYPE_PCLK1|RCC_CLOCKTYPE_PCLK2;
 172:Core/Src/main.c ****   RCC_ClkInitStruct.SYSCLKSource = RCC_SYSCLKSOURCE_PLLCLK;
 173:Core/Src/main.c ****   RCC_ClkInitStruct.AHBCLKDivider = RCC_SYSCLK_DIV1;
 174:Core/Src/main.c ****   RCC_ClkInitStruct.APB1CLKDivider = RCC_HCLK_DIV1;
 175:Core/Src/main.c ****   RCC_ClkInitStruct.APB2CLKDivider = RCC_HCLK_DIV1;
 176:Core/Src/main.c **** 
 177:Core/Src/main.c ****   if (HAL_RCC_ClockConfig(&RCC_ClkInitStruct, FLASH_LATENCY_1) != HAL_OK)
 178:Core/Src/main.c ****   {
 179:Core/Src/main.c ****     Error_Handler();
 180:Core/Src/main.c ****   }
 181:Core/Src/main.c **** }
 182:Core/Src/main.c **** 
 183:Core/Src/main.c **** /* USER CODE BEGIN 4 */
 184:Core/Src/main.c **** 
 185:Core/Src/main.c **** /* USER CODE END 4 */
 186:Core/Src/main.c **** 
 187:Core/Src/main.c **** /**
 188:Core/Src/main.c ****   * @brief  This function is executed in case of error occurrence.
 189:Core/Src/main.c ****   * @retval None
 190:Core/Src/main.c ****   */
 191:Core/Src/main.c **** void Error_Handler(void)
 192:Core/Src/main.c **** {
  29              		.loc 1 192 1 view -0
  30              		.cfi_startproc
  31              		@ Volatile: function does not return.
  32              		@ args = 0, pretend = 0, frame = 0
  33              		@ frame_needed = 0, uses_anonymous_args = 0
  34              		@ link register save eliminated.
 193:Core/Src/main.c ****   /* USER CODE BEGIN Error_Handler_Debug */
 194:Core/Src/main.c ****   /* User can add his own implementation to report the HAL error return state */
 195:Core/Src/main.c ****   __disable_irq();
ARM GAS  C:\Users\liuda\AppData\Local\Temp\ccIn6hKm.s 			page 5


  35              		.loc 1 195 3 view .LVU1
  36              	.LBB4:
  37              	.LBI4:
  38              		.file 2 "Drivers/CMSIS/Include/cmsis_gcc.h"
   1:Drivers/CMSIS/Include/cmsis_gcc.h **** /**************************************************************************//**
   2:Drivers/CMSIS/Include/cmsis_gcc.h ****  * @file     cmsis_gcc.h
   3:Drivers/CMSIS/Include/cmsis_gcc.h ****  * @brief    CMSIS compiler GCC header file
   4:Drivers/CMSIS/Include/cmsis_gcc.h ****  * @version  V5.0.4
   5:Drivers/CMSIS/Include/cmsis_gcc.h ****  * @date     09. April 2018
   6:Drivers/CMSIS/Include/cmsis_gcc.h ****  ******************************************************************************/
   7:Drivers/CMSIS/Include/cmsis_gcc.h **** /*
   8:Drivers/CMSIS/Include/cmsis_gcc.h ****  * Copyright (c) 2009-2018 Arm Limited. All rights reserved.
   9:Drivers/CMSIS/Include/cmsis_gcc.h ****  *
  10:Drivers/CMSIS/Include/cmsis_gcc.h ****  * SPDX-License-Identifier: Apache-2.0
  11:Drivers/CMSIS/Include/cmsis_gcc.h ****  *
  12:Drivers/CMSIS/Include/cmsis_gcc.h ****  * Licensed under the Apache License, Version 2.0 (the License); you may
  13:Drivers/CMSIS/Include/cmsis_gcc.h ****  * not use this file except in compliance with the License.
  14:Drivers/CMSIS/Include/cmsis_gcc.h ****  * You may obtain a copy of the License at
  15:Drivers/CMSIS/Include/cmsis_gcc.h ****  *
  16:Drivers/CMSIS/Include/cmsis_gcc.h ****  * www.apache.org/licenses/LICENSE-2.0
  17:Drivers/CMSIS/Include/cmsis_gcc.h ****  *
  18:Drivers/CMSIS/Include/cmsis_gcc.h ****  * Unless required by applicable law or agreed to in writing, software
  19:Drivers/CMSIS/Include/cmsis_gcc.h ****  * distributed under the License is distributed on an AS IS BASIS, WITHOUT
  20:Drivers/CMSIS/Include/cmsis_gcc.h ****  * WARRANTIES OR CONDITIONS OF ANY KIND, either express or implied.
  21:Drivers/CMSIS/Include/cmsis_gcc.h ****  * See the License for the specific language governing permissions and
  22:Drivers/CMSIS/Include/cmsis_gcc.h ****  * limitations under the License.
  23:Drivers/CMSIS/Include/cmsis_gcc.h ****  */
  24:Drivers/CMSIS/Include/cmsis_gcc.h **** 
  25:Drivers/CMSIS/Include/cmsis_gcc.h **** #ifndef __CMSIS_GCC_H
  26:Drivers/CMSIS/Include/cmsis_gcc.h **** #define __CMSIS_GCC_H
  27:Drivers/CMSIS/Include/cmsis_gcc.h **** 
  28:Drivers/CMSIS/Include/cmsis_gcc.h **** /* ignore some GCC warnings */
  29:Drivers/CMSIS/Include/cmsis_gcc.h **** #pragma GCC diagnostic push
  30:Drivers/CMSIS/Include/cmsis_gcc.h **** #pragma GCC diagnostic ignored "-Wsign-conversion"
  31:Drivers/CMSIS/Include/cmsis_gcc.h **** #pragma GCC diagnostic ignored "-Wconversion"
  32:Drivers/CMSIS/Include/cmsis_gcc.h **** #pragma GCC diagnostic ignored "-Wunused-parameter"
  33:Drivers/CMSIS/Include/cmsis_gcc.h **** 
  34:Drivers/CMSIS/Include/cmsis_gcc.h **** /* Fallback for __has_builtin */
  35:Drivers/CMSIS/Include/cmsis_gcc.h **** #ifndef __has_builtin
  36:Drivers/CMSIS/Include/cmsis_gcc.h ****   #define __has_builtin(x) (0)
  37:Drivers/CMSIS/Include/cmsis_gcc.h **** #endif
  38:Drivers/CMSIS/Include/cmsis_gcc.h **** 
  39:Drivers/CMSIS/Include/cmsis_gcc.h **** /* CMSIS compiler specific defines */
  40:Drivers/CMSIS/Include/cmsis_gcc.h **** #ifndef   __ASM
  41:Drivers/CMSIS/Include/cmsis_gcc.h ****   #define __ASM                                  __asm
  42:Drivers/CMSIS/Include/cmsis_gcc.h **** #endif
  43:Drivers/CMSIS/Include/cmsis_gcc.h **** #ifndef   __INLINE
  44:Drivers/CMSIS/Include/cmsis_gcc.h ****   #define __INLINE                               inline
  45:Drivers/CMSIS/Include/cmsis_gcc.h **** #endif
  46:Drivers/CMSIS/Include/cmsis_gcc.h **** #ifndef   __STATIC_INLINE
  47:Drivers/CMSIS/Include/cmsis_gcc.h ****   #define __STATIC_INLINE                        static inline
  48:Drivers/CMSIS/Include/cmsis_gcc.h **** #endif
  49:Drivers/CMSIS/Include/cmsis_gcc.h **** #ifndef   __STATIC_FORCEINLINE                 
  50:Drivers/CMSIS/Include/cmsis_gcc.h ****   #define __STATIC_FORCEINLINE                   __attribute__((always_inline)) static inline
  51:Drivers/CMSIS/Include/cmsis_gcc.h **** #endif                                           
  52:Drivers/CMSIS/Include/cmsis_gcc.h **** #ifndef   __NO_RETURN
  53:Drivers/CMSIS/Include/cmsis_gcc.h ****   #define __NO_RETURN                            __attribute__((__noreturn__))
ARM GAS  C:\Users\liuda\AppData\Local\Temp\ccIn6hKm.s 			page 6


  54:Drivers/CMSIS/Include/cmsis_gcc.h **** #endif
  55:Drivers/CMSIS/Include/cmsis_gcc.h **** #ifndef   __USED
  56:Drivers/CMSIS/Include/cmsis_gcc.h ****   #define __USED                                 __attribute__((used))
  57:Drivers/CMSIS/Include/cmsis_gcc.h **** #endif
  58:Drivers/CMSIS/Include/cmsis_gcc.h **** #ifndef   __WEAK
  59:Drivers/CMSIS/Include/cmsis_gcc.h ****   #define __WEAK                                 __attribute__((weak))
  60:Drivers/CMSIS/Include/cmsis_gcc.h **** #endif
  61:Drivers/CMSIS/Include/cmsis_gcc.h **** #ifndef   __PACKED
  62:Drivers/CMSIS/Include/cmsis_gcc.h ****   #define __PACKED                               __attribute__((packed, aligned(1)))
  63:Drivers/CMSIS/Include/cmsis_gcc.h **** #endif
  64:Drivers/CMSIS/Include/cmsis_gcc.h **** #ifndef   __PACKED_STRUCT
  65:Drivers/CMSIS/Include/cmsis_gcc.h ****   #define __PACKED_STRUCT                        struct __attribute__((packed, aligned(1)))
  66:Drivers/CMSIS/Include/cmsis_gcc.h **** #endif
  67:Drivers/CMSIS/Include/cmsis_gcc.h **** #ifndef   __PACKED_UNION
  68:Drivers/CMSIS/Include/cmsis_gcc.h ****   #define __PACKED_UNION                         union __attribute__((packed, aligned(1)))
  69:Drivers/CMSIS/Include/cmsis_gcc.h **** #endif
  70:Drivers/CMSIS/Include/cmsis_gcc.h **** #ifndef   __UNALIGNED_UINT32        /* deprecated */
  71:Drivers/CMSIS/Include/cmsis_gcc.h ****   #pragma GCC diagnostic push
  72:Drivers/CMSIS/Include/cmsis_gcc.h ****   #pragma GCC diagnostic ignored "-Wpacked"
  73:Drivers/CMSIS/Include/cmsis_gcc.h ****   #pragma GCC diagnostic ignored "-Wattributes"
  74:Drivers/CMSIS/Include/cmsis_gcc.h ****   struct __attribute__((packed)) T_UINT32 { uint32_t v; };
  75:Drivers/CMSIS/Include/cmsis_gcc.h ****   #pragma GCC diagnostic pop
  76:Drivers/CMSIS/Include/cmsis_gcc.h ****   #define __UNALIGNED_UINT32(x)                  (((struct T_UINT32 *)(x))->v)
  77:Drivers/CMSIS/Include/cmsis_gcc.h **** #endif
  78:Drivers/CMSIS/Include/cmsis_gcc.h **** #ifndef   __UNALIGNED_UINT16_WRITE
  79:Drivers/CMSIS/Include/cmsis_gcc.h ****   #pragma GCC diagnostic push
  80:Drivers/CMSIS/Include/cmsis_gcc.h ****   #pragma GCC diagnostic ignored "-Wpacked"
  81:Drivers/CMSIS/Include/cmsis_gcc.h ****   #pragma GCC diagnostic ignored "-Wattributes"
  82:Drivers/CMSIS/Include/cmsis_gcc.h ****   __PACKED_STRUCT T_UINT16_WRITE { uint16_t v; };
  83:Drivers/CMSIS/Include/cmsis_gcc.h ****   #pragma GCC diagnostic pop
  84:Drivers/CMSIS/Include/cmsis_gcc.h ****   #define __UNALIGNED_UINT16_WRITE(addr, val)    (void)((((struct T_UINT16_WRITE *)(void *)(addr))-
  85:Drivers/CMSIS/Include/cmsis_gcc.h **** #endif
  86:Drivers/CMSIS/Include/cmsis_gcc.h **** #ifndef   __UNALIGNED_UINT16_READ
  87:Drivers/CMSIS/Include/cmsis_gcc.h ****   #pragma GCC diagnostic push
  88:Drivers/CMSIS/Include/cmsis_gcc.h ****   #pragma GCC diagnostic ignored "-Wpacked"
  89:Drivers/CMSIS/Include/cmsis_gcc.h ****   #pragma GCC diagnostic ignored "-Wattributes"
  90:Drivers/CMSIS/Include/cmsis_gcc.h ****   __PACKED_STRUCT T_UINT16_READ { uint16_t v; };
  91:Drivers/CMSIS/Include/cmsis_gcc.h ****   #pragma GCC diagnostic pop
  92:Drivers/CMSIS/Include/cmsis_gcc.h ****   #define __UNALIGNED_UINT16_READ(addr)          (((const struct T_UINT16_READ *)(const void *)(add
  93:Drivers/CMSIS/Include/cmsis_gcc.h **** #endif
  94:Drivers/CMSIS/Include/cmsis_gcc.h **** #ifndef   __UNALIGNED_UINT32_WRITE
  95:Drivers/CMSIS/Include/cmsis_gcc.h ****   #pragma GCC diagnostic push
  96:Drivers/CMSIS/Include/cmsis_gcc.h ****   #pragma GCC diagnostic ignored "-Wpacked"
  97:Drivers/CMSIS/Include/cmsis_gcc.h ****   #pragma GCC diagnostic ignored "-Wattributes"
  98:Drivers/CMSIS/Include/cmsis_gcc.h ****   __PACKED_STRUCT T_UINT32_WRITE { uint32_t v; };
  99:Drivers/CMSIS/Include/cmsis_gcc.h ****   #pragma GCC diagnostic pop
 100:Drivers/CMSIS/Include/cmsis_gcc.h ****   #define __UNALIGNED_UINT32_WRITE(addr, val)    (void)((((struct T_UINT32_WRITE *)(void *)(addr))-
 101:Drivers/CMSIS/Include/cmsis_gcc.h **** #endif
 102:Drivers/CMSIS/Include/cmsis_gcc.h **** #ifndef   __UNALIGNED_UINT32_READ
 103:Drivers/CMSIS/Include/cmsis_gcc.h ****   #pragma GCC diagnostic push
 104:Drivers/CMSIS/Include/cmsis_gcc.h ****   #pragma GCC diagnostic ignored "-Wpacked"
 105:Drivers/CMSIS/Include/cmsis_gcc.h ****   #pragma GCC diagnostic ignored "-Wattributes"
 106:Drivers/CMSIS/Include/cmsis_gcc.h ****   __PACKED_STRUCT T_UINT32_READ { uint32_t v; };
 107:Drivers/CMSIS/Include/cmsis_gcc.h ****   #pragma GCC diagnostic pop
 108:Drivers/CMSIS/Include/cmsis_gcc.h ****   #define __UNALIGNED_UINT32_READ(addr)          (((const struct T_UINT32_READ *)(const void *)(add
 109:Drivers/CMSIS/Include/cmsis_gcc.h **** #endif
 110:Drivers/CMSIS/Include/cmsis_gcc.h **** #ifndef   __ALIGNED
ARM GAS  C:\Users\liuda\AppData\Local\Temp\ccIn6hKm.s 			page 7


 111:Drivers/CMSIS/Include/cmsis_gcc.h ****   #define __ALIGNED(x)                           __attribute__((aligned(x)))
 112:Drivers/CMSIS/Include/cmsis_gcc.h **** #endif
 113:Drivers/CMSIS/Include/cmsis_gcc.h **** #ifndef   __RESTRICT
 114:Drivers/CMSIS/Include/cmsis_gcc.h ****   #define __RESTRICT                             __restrict
 115:Drivers/CMSIS/Include/cmsis_gcc.h **** #endif
 116:Drivers/CMSIS/Include/cmsis_gcc.h **** 
 117:Drivers/CMSIS/Include/cmsis_gcc.h **** 
 118:Drivers/CMSIS/Include/cmsis_gcc.h **** /* ###########################  Core Function Access  ########################### */
 119:Drivers/CMSIS/Include/cmsis_gcc.h **** /** \ingroup  CMSIS_Core_FunctionInterface
 120:Drivers/CMSIS/Include/cmsis_gcc.h ****     \defgroup CMSIS_Core_RegAccFunctions CMSIS Core Register Access Functions
 121:Drivers/CMSIS/Include/cmsis_gcc.h ****   @{
 122:Drivers/CMSIS/Include/cmsis_gcc.h ****  */
 123:Drivers/CMSIS/Include/cmsis_gcc.h **** 
 124:Drivers/CMSIS/Include/cmsis_gcc.h **** /**
 125:Drivers/CMSIS/Include/cmsis_gcc.h ****   \brief   Enable IRQ Interrupts
 126:Drivers/CMSIS/Include/cmsis_gcc.h ****   \details Enables IRQ interrupts by clearing the I-bit in the CPSR.
 127:Drivers/CMSIS/Include/cmsis_gcc.h ****            Can only be executed in Privileged modes.
 128:Drivers/CMSIS/Include/cmsis_gcc.h ****  */
 129:Drivers/CMSIS/Include/cmsis_gcc.h **** __STATIC_FORCEINLINE void __enable_irq(void)
 130:Drivers/CMSIS/Include/cmsis_gcc.h **** {
 131:Drivers/CMSIS/Include/cmsis_gcc.h ****   __ASM volatile ("cpsie i" : : : "memory");
 132:Drivers/CMSIS/Include/cmsis_gcc.h **** }
 133:Drivers/CMSIS/Include/cmsis_gcc.h **** 
 134:Drivers/CMSIS/Include/cmsis_gcc.h **** 
 135:Drivers/CMSIS/Include/cmsis_gcc.h **** /**
 136:Drivers/CMSIS/Include/cmsis_gcc.h ****   \brief   Disable IRQ Interrupts
 137:Drivers/CMSIS/Include/cmsis_gcc.h ****   \details Disables IRQ interrupts by setting the I-bit in the CPSR.
 138:Drivers/CMSIS/Include/cmsis_gcc.h ****            Can only be executed in Privileged modes.
 139:Drivers/CMSIS/Include/cmsis_gcc.h ****  */
 140:Drivers/CMSIS/Include/cmsis_gcc.h **** __STATIC_FORCEINLINE void __disable_irq(void)
  39              		.loc 2 140 27 view .LVU2
  40              	.LBB5:
 141:Drivers/CMSIS/Include/cmsis_gcc.h **** {
 142:Drivers/CMSIS/Include/cmsis_gcc.h ****   __ASM volatile ("cpsid i" : : : "memory");
  41              		.loc 2 142 3 view .LVU3
  42              		.syntax unified
  43              	@ 142 "Drivers/CMSIS/Include/cmsis_gcc.h" 1
  44 0000 72B6     		cpsid i
  45              	@ 0 "" 2
  46              		.thumb
  47              		.syntax unified
  48              	.L2:
  49              	.LBE5:
  50              	.LBE4:
 196:Core/Src/main.c ****   while (1)
  51              		.loc 1 196 3 discriminator 1 view .LVU4
 197:Core/Src/main.c ****   {
 198:Core/Src/main.c ****   }
  52              		.loc 1 198 3 discriminator 1 view .LVU5
 196:Core/Src/main.c ****   while (1)
  53              		.loc 1 196 9 discriminator 1 view .LVU6
  54 0002 FEE7     		b	.L2
  55              		.cfi_endproc
  56              	.LFE132:
  58              		.section	.text.SystemClock_Config,"ax",%progbits
  59              		.align	1
  60              		.global	SystemClock_Config
ARM GAS  C:\Users\liuda\AppData\Local\Temp\ccIn6hKm.s 			page 8


  61              		.syntax unified
  62              		.thumb
  63              		.thumb_func
  65              	SystemClock_Config:
  66              	.LFB131:
 143:Core/Src/main.c ****   RCC_OscInitTypeDef RCC_OscInitStruct = {0};
  67              		.loc 1 143 1 view -0
  68              		.cfi_startproc
  69              		@ args = 0, pretend = 0, frame = 80
  70              		@ frame_needed = 0, uses_anonymous_args = 0
  71 0000 00B5     		push	{lr}
  72              	.LCFI0:
  73              		.cfi_def_cfa_offset 4
  74              		.cfi_offset 14, -4
  75 0002 95B0     		sub	sp, sp, #84
  76              	.LCFI1:
  77              		.cfi_def_cfa_offset 88
 144:Core/Src/main.c ****   RCC_ClkInitTypeDef RCC_ClkInitStruct = {0};
  78              		.loc 1 144 3 view .LVU8
 144:Core/Src/main.c ****   RCC_ClkInitTypeDef RCC_ClkInitStruct = {0};
  79              		.loc 1 144 22 is_stmt 0 view .LVU9
  80 0004 3022     		movs	r2, #48
  81 0006 0021     		movs	r1, #0
  82 0008 08A8     		add	r0, sp, #32
  83 000a FFF7FEFF 		bl	memset
  84              	.LVL0:
 145:Core/Src/main.c **** 
  85              		.loc 1 145 3 is_stmt 1 view .LVU10
 145:Core/Src/main.c **** 
  86              		.loc 1 145 22 is_stmt 0 view .LVU11
  87 000e 0023     		movs	r3, #0
  88 0010 0393     		str	r3, [sp, #12]
  89 0012 0493     		str	r3, [sp, #16]
  90 0014 0593     		str	r3, [sp, #20]
  91 0016 0693     		str	r3, [sp, #24]
  92 0018 0793     		str	r3, [sp, #28]
 149:Core/Src/main.c ****   __HAL_PWR_VOLTAGESCALING_CONFIG(PWR_REGULATOR_VOLTAGE_SCALE1);
  93              		.loc 1 149 3 is_stmt 1 view .LVU12
  94              	.LBB6:
 149:Core/Src/main.c ****   __HAL_PWR_VOLTAGESCALING_CONFIG(PWR_REGULATOR_VOLTAGE_SCALE1);
  95              		.loc 1 149 3 view .LVU13
  96 001a 0193     		str	r3, [sp, #4]
 149:Core/Src/main.c ****   __HAL_PWR_VOLTAGESCALING_CONFIG(PWR_REGULATOR_VOLTAGE_SCALE1);
  97              		.loc 1 149 3 view .LVU14
  98 001c 1F4A     		ldr	r2, .L9
  99 001e 116C     		ldr	r1, [r2, #64]
 100 0020 41F08051 		orr	r1, r1, #268435456
 101 0024 1164     		str	r1, [r2, #64]
 149:Core/Src/main.c ****   __HAL_PWR_VOLTAGESCALING_CONFIG(PWR_REGULATOR_VOLTAGE_SCALE1);
 102              		.loc 1 149 3 view .LVU15
 103 0026 126C     		ldr	r2, [r2, #64]
 104 0028 02F08052 		and	r2, r2, #268435456
 105 002c 0192     		str	r2, [sp, #4]
 149:Core/Src/main.c ****   __HAL_PWR_VOLTAGESCALING_CONFIG(PWR_REGULATOR_VOLTAGE_SCALE1);
 106              		.loc 1 149 3 view .LVU16
 107 002e 019A     		ldr	r2, [sp, #4]
 108              	.LBE6:
ARM GAS  C:\Users\liuda\AppData\Local\Temp\ccIn6hKm.s 			page 9


 149:Core/Src/main.c ****   __HAL_PWR_VOLTAGESCALING_CONFIG(PWR_REGULATOR_VOLTAGE_SCALE1);
 109              		.loc 1 149 3 view .LVU17
 150:Core/Src/main.c **** 
 110              		.loc 1 150 3 view .LVU18
 111              	.LBB7:
 150:Core/Src/main.c **** 
 112              		.loc 1 150 3 view .LVU19
 113 0030 0293     		str	r3, [sp, #8]
 150:Core/Src/main.c **** 
 114              		.loc 1 150 3 view .LVU20
 115 0032 1B4B     		ldr	r3, .L9+4
 116 0034 1A68     		ldr	r2, [r3]
 117 0036 42F48042 		orr	r2, r2, #16384
 118 003a 1A60     		str	r2, [r3]
 150:Core/Src/main.c **** 
 119              		.loc 1 150 3 view .LVU21
 120 003c 1B68     		ldr	r3, [r3]
 121 003e 03F48043 		and	r3, r3, #16384
 122 0042 0293     		str	r3, [sp, #8]
 150:Core/Src/main.c **** 
 123              		.loc 1 150 3 view .LVU22
 124 0044 029B     		ldr	r3, [sp, #8]
 125              	.LBE7:
 150:Core/Src/main.c **** 
 126              		.loc 1 150 3 view .LVU23
 155:Core/Src/main.c ****   RCC_OscInitStruct.HSEState = RCC_HSE_ON;
 127              		.loc 1 155 3 view .LVU24
 155:Core/Src/main.c ****   RCC_OscInitStruct.HSEState = RCC_HSE_ON;
 128              		.loc 1 155 36 is_stmt 0 view .LVU25
 129 0046 0123     		movs	r3, #1
 130 0048 0893     		str	r3, [sp, #32]
 156:Core/Src/main.c ****   RCC_OscInitStruct.PLL.PLLState = RCC_PLL_ON;
 131              		.loc 1 156 3 is_stmt 1 view .LVU26
 156:Core/Src/main.c ****   RCC_OscInitStruct.PLL.PLLState = RCC_PLL_ON;
 132              		.loc 1 156 30 is_stmt 0 view .LVU27
 133 004a 4FF48033 		mov	r3, #65536
 134 004e 0993     		str	r3, [sp, #36]
 157:Core/Src/main.c ****   RCC_OscInitStruct.PLL.PLLSource = RCC_PLLSOURCE_HSE;
 135              		.loc 1 157 3 is_stmt 1 view .LVU28
 157:Core/Src/main.c ****   RCC_OscInitStruct.PLL.PLLSource = RCC_PLLSOURCE_HSE;
 136              		.loc 1 157 34 is_stmt 0 view .LVU29
 137 0050 0223     		movs	r3, #2
 138 0052 0E93     		str	r3, [sp, #56]
 158:Core/Src/main.c ****   RCC_OscInitStruct.PLL.PLLM = 16;
 139              		.loc 1 158 3 is_stmt 1 view .LVU30
 158:Core/Src/main.c ****   RCC_OscInitStruct.PLL.PLLM = 16;
 140              		.loc 1 158 35 is_stmt 0 view .LVU31
 141 0054 4FF48003 		mov	r3, #4194304
 142 0058 0F93     		str	r3, [sp, #60]
 159:Core/Src/main.c ****   RCC_OscInitStruct.PLL.PLLN = 192;
 143              		.loc 1 159 3 is_stmt 1 view .LVU32
 159:Core/Src/main.c ****   RCC_OscInitStruct.PLL.PLLN = 192;
 144              		.loc 1 159 30 is_stmt 0 view .LVU33
 145 005a 1023     		movs	r3, #16
 146 005c 1093     		str	r3, [sp, #64]
 160:Core/Src/main.c ****   RCC_OscInitStruct.PLL.PLLP = RCC_PLLP_DIV8;
 147              		.loc 1 160 3 is_stmt 1 view .LVU34
ARM GAS  C:\Users\liuda\AppData\Local\Temp\ccIn6hKm.s 			page 10


 160:Core/Src/main.c ****   RCC_OscInitStruct.PLL.PLLP = RCC_PLLP_DIV8;
 148              		.loc 1 160 30 is_stmt 0 view .LVU35
 149 005e C023     		movs	r3, #192
 150 0060 1193     		str	r3, [sp, #68]
 161:Core/Src/main.c ****   RCC_OscInitStruct.PLL.PLLQ = 4;
 151              		.loc 1 161 3 is_stmt 1 view .LVU36
 161:Core/Src/main.c ****   RCC_OscInitStruct.PLL.PLLQ = 4;
 152              		.loc 1 161 30 is_stmt 0 view .LVU37
 153 0062 0823     		movs	r3, #8
 154 0064 1293     		str	r3, [sp, #72]
 162:Core/Src/main.c ****   if (HAL_RCC_OscConfig(&RCC_OscInitStruct) != HAL_OK)
 155              		.loc 1 162 3 is_stmt 1 view .LVU38
 162:Core/Src/main.c ****   if (HAL_RCC_OscConfig(&RCC_OscInitStruct) != HAL_OK)
 156              		.loc 1 162 30 is_stmt 0 view .LVU39
 157 0066 0423     		movs	r3, #4
 158 0068 1393     		str	r3, [sp, #76]
 163:Core/Src/main.c ****   {
 159              		.loc 1 163 3 is_stmt 1 view .LVU40
 163:Core/Src/main.c ****   {
 160              		.loc 1 163 7 is_stmt 0 view .LVU41
 161 006a 08A8     		add	r0, sp, #32
 162 006c FFF7FEFF 		bl	HAL_RCC_OscConfig
 163              	.LVL1:
 163:Core/Src/main.c ****   {
 164              		.loc 1 163 6 view .LVU42
 165 0070 78B9     		cbnz	r0, .L7
 170:Core/Src/main.c ****                               |RCC_CLOCKTYPE_PCLK1|RCC_CLOCKTYPE_PCLK2;
 166              		.loc 1 170 3 is_stmt 1 view .LVU43
 170:Core/Src/main.c ****                               |RCC_CLOCKTYPE_PCLK1|RCC_CLOCKTYPE_PCLK2;
 167              		.loc 1 170 31 is_stmt 0 view .LVU44
 168 0072 0F23     		movs	r3, #15
 169 0074 0393     		str	r3, [sp, #12]
 172:Core/Src/main.c ****   RCC_ClkInitStruct.AHBCLKDivider = RCC_SYSCLK_DIV1;
 170              		.loc 1 172 3 is_stmt 1 view .LVU45
 172:Core/Src/main.c ****   RCC_ClkInitStruct.AHBCLKDivider = RCC_SYSCLK_DIV1;
 171              		.loc 1 172 34 is_stmt 0 view .LVU46
 172 0076 0223     		movs	r3, #2
 173 0078 0493     		str	r3, [sp, #16]
 173:Core/Src/main.c ****   RCC_ClkInitStruct.APB1CLKDivider = RCC_HCLK_DIV1;
 174              		.loc 1 173 3 is_stmt 1 view .LVU47
 173:Core/Src/main.c ****   RCC_ClkInitStruct.APB1CLKDivider = RCC_HCLK_DIV1;
 175              		.loc 1 173 35 is_stmt 0 view .LVU48
 176 007a 0023     		movs	r3, #0
 177 007c 0593     		str	r3, [sp, #20]
 174:Core/Src/main.c ****   RCC_ClkInitStruct.APB2CLKDivider = RCC_HCLK_DIV1;
 178              		.loc 1 174 3 is_stmt 1 view .LVU49
 174:Core/Src/main.c ****   RCC_ClkInitStruct.APB2CLKDivider = RCC_HCLK_DIV1;
 179              		.loc 1 174 36 is_stmt 0 view .LVU50
 180 007e 0693     		str	r3, [sp, #24]
 175:Core/Src/main.c **** 
 181              		.loc 1 175 3 is_stmt 1 view .LVU51
 175:Core/Src/main.c **** 
 182              		.loc 1 175 36 is_stmt 0 view .LVU52
 183 0080 0793     		str	r3, [sp, #28]
 177:Core/Src/main.c ****   {
 184              		.loc 1 177 3 is_stmt 1 view .LVU53
 177:Core/Src/main.c ****   {
ARM GAS  C:\Users\liuda\AppData\Local\Temp\ccIn6hKm.s 			page 11


 185              		.loc 1 177 7 is_stmt 0 view .LVU54
 186 0082 0121     		movs	r1, #1
 187 0084 03A8     		add	r0, sp, #12
 188 0086 FFF7FEFF 		bl	HAL_RCC_ClockConfig
 189              	.LVL2:
 177:Core/Src/main.c ****   {
 190              		.loc 1 177 6 view .LVU55
 191 008a 20B9     		cbnz	r0, .L8
 181:Core/Src/main.c **** 
 192              		.loc 1 181 1 view .LVU56
 193 008c 15B0     		add	sp, sp, #84
 194              	.LCFI2:
 195              		.cfi_remember_state
 196              		.cfi_def_cfa_offset 4
 197              		@ sp needed
 198 008e 5DF804FB 		ldr	pc, [sp], #4
 199              	.L7:
 200              	.LCFI3:
 201              		.cfi_restore_state
 165:Core/Src/main.c ****   }
 202              		.loc 1 165 5 is_stmt 1 view .LVU57
 203 0092 FFF7FEFF 		bl	Error_Handler
 204              	.LVL3:
 205              	.L8:
 179:Core/Src/main.c ****   }
 206              		.loc 1 179 5 view .LVU58
 207 0096 FFF7FEFF 		bl	Error_Handler
 208              	.LVL4:
 209              	.L10:
 210 009a 00BF     		.align	2
 211              	.L9:
 212 009c 00380240 		.word	1073887232
 213 00a0 00700040 		.word	1073770496
 214              		.cfi_endproc
 215              	.LFE131:
 217              		.global	__aeabi_i2d
 218              		.section	.rodata.main.str1.4,"aMS",%progbits,1
 219              		.align	2
 220              	.LC0:
 221 0000 25662C25 		.ascii	"%f,%f\012\000"
 221      660A00
 222              		.global	__aeabi_dsub
 223              		.section	.text.main,"ax",%progbits
 224              		.align	1
 225              		.global	main
 226              		.syntax unified
 227              		.thumb
 228              		.thumb_func
 230              	main:
 231              	.LFB130:
  72:Core/Src/main.c ****   /* USER CODE BEGIN 1 */
 232              		.loc 1 72 1 view -0
 233              		.cfi_startproc
 234              		@ args = 0, pretend = 0, frame = 112
 235              		@ frame_needed = 0, uses_anonymous_args = 0
 236 0000 2DE9F043 		push	{r4, r5, r6, r7, r8, r9, lr}
 237              	.LCFI4:
ARM GAS  C:\Users\liuda\AppData\Local\Temp\ccIn6hKm.s 			page 12


 238              		.cfi_def_cfa_offset 28
 239              		.cfi_offset 4, -28
 240              		.cfi_offset 5, -24
 241              		.cfi_offset 6, -20
 242              		.cfi_offset 7, -16
 243              		.cfi_offset 8, -12
 244              		.cfi_offset 9, -8
 245              		.cfi_offset 14, -4
 246 0004 A1B0     		sub	sp, sp, #132
 247              	.LCFI5:
 248              		.cfi_def_cfa_offset 160
  80:Core/Src/main.c **** 
 249              		.loc 1 80 3 view .LVU60
 250 0006 FFF7FEFF 		bl	HAL_Init
 251              	.LVL5:
  87:Core/Src/main.c **** 
 252              		.loc 1 87 3 view .LVU61
 253 000a FFF7FEFF 		bl	SystemClock_Config
 254              	.LVL6:
  94:Core/Src/main.c ****   MX_DMA_Init();
 255              		.loc 1 94 3 view .LVU62
 256 000e FFF7FEFF 		bl	MX_GPIO_Init
 257              	.LVL7:
  95:Core/Src/main.c ****   MX_TIM1_Init();
 258              		.loc 1 95 3 view .LVU63
 259 0012 FFF7FEFF 		bl	MX_DMA_Init
 260              	.LVL8:
  96:Core/Src/main.c ****   MX_TIM3_Init();
 261              		.loc 1 96 3 view .LVU64
 262 0016 FFF7FEFF 		bl	MX_TIM1_Init
 263              	.LVL9:
  97:Core/Src/main.c ****   MX_TIM4_Init();
 264              		.loc 1 97 3 view .LVU65
 265 001a FFF7FEFF 		bl	MX_TIM3_Init
 266              	.LVL10:
  98:Core/Src/main.c ****   MX_TIM5_Init();
 267              		.loc 1 98 3 view .LVU66
 268 001e FFF7FEFF 		bl	MX_TIM4_Init
 269              	.LVL11:
  99:Core/Src/main.c ****   MX_UART4_Init();
 270              		.loc 1 99 3 view .LVU67
 271 0022 FFF7FEFF 		bl	MX_TIM5_Init
 272              	.LVL12:
 100:Core/Src/main.c ****   MX_UART5_Init();
 273              		.loc 1 100 3 view .LVU68
 274 0026 FFF7FEFF 		bl	MX_UART4_Init
 275              	.LVL13:
 101:Core/Src/main.c ****   MX_TIM8_Init();
 276              		.loc 1 101 3 view .LVU69
 277 002a FFF7FEFF 		bl	MX_UART5_Init
 278              	.LVL14:
 102:Core/Src/main.c ****   MX_USART2_UART_Init();
 279              		.loc 1 102 3 view .LVU70
 280 002e FFF7FEFF 		bl	MX_TIM8_Init
 281              	.LVL15:
 103:Core/Src/main.c ****   /* USER CODE BEGIN 2 */
 282              		.loc 1 103 3 view .LVU71
ARM GAS  C:\Users\liuda\AppData\Local\Temp\ccIn6hKm.s 			page 13


 283 0032 FFF7FEFF 		bl	MX_USART2_UART_Init
 284              	.LVL16:
 105:Core/Src/main.c ****   wheel_init(&wheel_rb, &htim1, TIM_CHANNEL_2, encoder_10_Pin, encoder_11_Pin, encoder_10_GPIO_Port
 285              		.loc 1 105 3 view .LVU72
 286 0036 3C4C     		ldr	r4, .L15+8
 287 0038 3C4B     		ldr	r3, .L15+12
 288 003a 0293     		str	r3, [sp, #8]
 289 003c 3C4D     		ldr	r5, .L15+16
 290 003e 0195     		str	r5, [sp, #4]
 291 0040 0226     		movs	r6, #2
 292 0042 0096     		str	r6, [sp]
 293 0044 0123     		movs	r3, #1
 294 0046 0022     		movs	r2, #0
 295 0048 2146     		mov	r1, r4
 296 004a 3A48     		ldr	r0, .L15+20
 297 004c FFF7FEFF 		bl	wheel_init
 298              	.LVL17:
 106:Core/Src/main.c ****   wheel_init(&wheel_lf, &htim1, TIM_CHANNEL_3, encoder_20_Pin, encoder_21_Pin, encoder_20_GPIO_Port
 299              		.loc 1 106 3 view .LVU73
 300 0050 394B     		ldr	r3, .L15+24
 301 0052 0293     		str	r3, [sp, #8]
 302 0054 0195     		str	r5, [sp, #4]
 303 0056 0827     		movs	r7, #8
 304 0058 0097     		str	r7, [sp]
 305 005a 0423     		movs	r3, #4
 306 005c 1A46     		mov	r2, r3
 307 005e 2146     		mov	r1, r4
 308 0060 3648     		ldr	r0, .L15+28
 309 0062 FFF7FEFF 		bl	wheel_init
 310              	.LVL18:
 107:Core/Src/main.c ****   wheel_init(&wheel_rf, &htim1, TIM_CHANNEL_4, encoder_30_Pin, encoder_31_Pin, encoder_30_GPIO_Port
 311              		.loc 1 107 3 view .LVU74
 312 0066 364B     		ldr	r3, .L15+32
 313 0068 0293     		str	r3, [sp, #8]
 314 006a 0195     		str	r5, [sp, #4]
 315 006c 2025     		movs	r5, #32
 316 006e 0095     		str	r5, [sp]
 317 0070 1023     		movs	r3, #16
 318 0072 3A46     		mov	r2, r7
 319 0074 2146     		mov	r1, r4
 320 0076 3348     		ldr	r0, .L15+36
 321 0078 FFF7FEFF 		bl	wheel_init
 322              	.LVL19:
 108:Core/Src/main.c **** 
 323              		.loc 1 108 3 view .LVU75
 324 007c 324B     		ldr	r3, .L15+40
 325 007e 0293     		str	r3, [sp, #8]
 326 0080 324B     		ldr	r3, .L15+44
 327 0082 0193     		str	r3, [sp, #4]
 328 0084 0096     		str	r6, [sp]
 329 0086 0123     		movs	r3, #1
 330 0088 0C22     		movs	r2, #12
 331 008a 2146     		mov	r1, r4
 332 008c 3048     		ldr	r0, .L15+48
 333 008e FFF7FEFF 		bl	wheel_init
 334              	.LVL20:
 110:Core/Src/main.c ****   angVel_s act_angVel = {0, 0, 0, 0};
ARM GAS  C:\Users\liuda\AppData\Local\Temp\ccIn6hKm.s 			page 14


 335              		.loc 1 110 3 view .LVU76
 110:Core/Src/main.c ****   angVel_s act_angVel = {0, 0, 0, 0};
 336              		.loc 1 110 24 is_stmt 0 view .LVU77
 337 0092 FFF7FEFF 		bl	HAL_GetTick
 338              	.LVL21:
 339 0096 0446     		mov	r4, r0
 340              	.LVL22:
 111:Core/Src/main.c ****   angVel_s set_angVel = {0, 0, 0, 0};
 341              		.loc 1 111 3 is_stmt 1 view .LVU78
 111:Core/Src/main.c ****   angVel_s set_angVel = {0, 0, 0, 0};
 342              		.loc 1 111 12 is_stmt 0 view .LVU79
 343 0098 2A46     		mov	r2, r5
 344 009a 0021     		movs	r1, #0
 345 009c 18A8     		add	r0, sp, #96
 346              	.LVL23:
 111:Core/Src/main.c ****   angVel_s set_angVel = {0, 0, 0, 0};
 347              		.loc 1 111 12 view .LVU80
 348 009e FFF7FEFF 		bl	memset
 349              	.LVL24:
 112:Core/Src/main.c ****   vel_s set_vel = {0, 0.1, 0};
 350              		.loc 1 112 3 is_stmt 1 view .LVU81
 112:Core/Src/main.c ****   vel_s set_vel = {0, 0.1, 0};
 351              		.loc 1 112 12 is_stmt 0 view .LVU82
 352 00a2 2A46     		mov	r2, r5
 353 00a4 0021     		movs	r1, #0
 354 00a6 10A8     		add	r0, sp, #64
 355 00a8 FFF7FEFF 		bl	memset
 356              	.LVL25:
 113:Core/Src/main.c ****   vel_s act_vel = {0, 0, 0};
 357              		.loc 1 113 3 is_stmt 1 view .LVU83
 113:Core/Src/main.c ****   vel_s act_vel = {0, 0, 0};
 358              		.loc 1 113 9 is_stmt 0 view .LVU84
 359 00ac 0022     		movs	r2, #0
 360 00ae 0023     		movs	r3, #0
 361 00b0 CDE90A23 		strd	r2, [sp, #40]
 362 00b4 1AA1     		adr	r1, .L15
 363 00b6 D1E90001 		ldrd	r0, [r1]
 364 00ba CDE90C01 		strd	r0, [sp, #48]
 365 00be CDE90E23 		strd	r2, [sp, #56]
 114:Core/Src/main.c ****   /* USER CODE END 2 */
 366              		.loc 1 114 3 is_stmt 1 view .LVU85
 114:Core/Src/main.c ****   /* USER CODE END 2 */
 367              		.loc 1 114 9 is_stmt 0 view .LVU86
 368 00c2 CDE90423 		strd	r2, [sp, #16]
 369 00c6 CDE90623 		strd	r2, [sp, #24]
 370 00ca CDE90823 		strd	r2, [sp, #32]
 371              	.L12:
 119:Core/Src/main.c ****   {
 372              		.loc 1 119 3 is_stmt 1 view .LVU87
 121:Core/Src/main.c ****     {
 373              		.loc 1 121 5 view .LVU88
 121:Core/Src/main.c ****     {
 374              		.loc 1 121 9 is_stmt 0 view .LVU89
 375 00ce FFF7FEFF 		bl	HAL_GetTick
 376              	.LVL26:
 121:Core/Src/main.c ****     {
 377              		.loc 1 121 23 view .LVU90
ARM GAS  C:\Users\liuda\AppData\Local\Temp\ccIn6hKm.s 			page 15


 378 00d2 031B     		subs	r3, r0, r4
 121:Core/Src/main.c ****     {
 379              		.loc 1 121 8 view .LVU91
 380 00d4 642B     		cmp	r3, #100
 381 00d6 FAD9     		bls	.L12
 382              	.LBB8:
 123:Core/Src/main.c ****       //act_angVel.w_rf = wheel_getVel(&wheel_rf);
 383              		.loc 1 123 7 is_stmt 1 view .LVU92
 123:Core/Src/main.c ****       //act_angVel.w_rf = wheel_getVel(&wheel_rf);
 384              		.loc 1 123 25 is_stmt 0 view .LVU93
 385 00d8 1A4D     		ldr	r5, .L15+36
 386 00da 2846     		mov	r0, r5
 387 00dc FFF7FEFF 		bl	wheel_getVel
 388              	.LVL27:
 123:Core/Src/main.c ****       //act_angVel.w_rf = wheel_getVel(&wheel_rf);
 389              		.loc 1 123 23 view .LVU94
 390 00e0 FFF7FEFF 		bl	__aeabi_i2d
 391              	.LVL28:
 392 00e4 0646     		mov	r6, r0
 393 00e6 0F46     		mov	r7, r1
 394 00e8 CDE91867 		strd	r6, [sp, #96]
 127:Core/Src/main.c ****       time_last = HAL_GetTick();
 395              		.loc 1 127 7 is_stmt 1 view .LVU95
 396 00ec 4FF00008 		mov	r8, #0
 397 00f0 4FF00009 		mov	r9, #0
 398 00f4 CDE90089 		strd	r8, [sp]
 399 00f8 4246     		mov	r2, r8
 400 00fa 4B46     		mov	r3, r9
 401 00fc 1548     		ldr	r0, .L15+52
 402 00fe FFF7FEFF 		bl	u1_printf
 403              	.LVL29:
 128:Core/Src/main.c ****       wheel_pwm(&wheel_lf, set_angVel.w_lf - act_angVel.w_lf);
 404              		.loc 1 128 7 view .LVU96
 128:Core/Src/main.c ****       wheel_pwm(&wheel_lf, set_angVel.w_lf - act_angVel.w_lf);
 405              		.loc 1 128 19 is_stmt 0 view .LVU97
 406 0102 FFF7FEFF 		bl	HAL_GetTick
 407              	.LVL30:
 408 0106 0446     		mov	r4, r0
 409              	.LVL31:
 129:Core/Src/main.c ****     }
 410              		.loc 1 129 7 is_stmt 1 view .LVU98
 411 0108 3246     		mov	r2, r6
 412 010a 3B46     		mov	r3, r7
 413 010c 4046     		mov	r0, r8
 414              	.LVL32:
 129:Core/Src/main.c ****     }
 415              		.loc 1 129 7 is_stmt 0 view .LVU99
 416 010e 4946     		mov	r1, r9
 417 0110 FFF7FEFF 		bl	__aeabi_dsub
 418              	.LVL33:
 419 0114 41EC100B 		vmov	d0, r0, r1
 420 0118 2846     		mov	r0, r5
 421 011a FFF7FEFF 		bl	wheel_pwm
 422              	.LVL34:
 423 011e D6E7     		b	.L12
 424              	.L16:
 425              		.align	3
ARM GAS  C:\Users\liuda\AppData\Local\Temp\ccIn6hKm.s 			page 16


 426              	.L15:
 427 0120 9A999999 		.word	-1717986918
 428 0124 9999B93F 		.word	1069128089
 429 0128 00000000 		.word	htim1
 430 012c 00000000 		.word	htim8
 431 0130 00080240 		.word	1073874944
 432 0134 00000000 		.word	.LANCHOR0
 433 0138 00000000 		.word	htim3
 434 013c 00000000 		.word	.LANCHOR1
 435 0140 00000000 		.word	htim4
 436 0144 00000000 		.word	.LANCHOR2
 437 0148 00000000 		.word	htim5
 438 014c 00040240 		.word	1073873920
 439 0150 00000000 		.word	.LANCHOR3
 440 0154 00000000 		.word	.LC0
 441              	.LBE8:
 442              		.cfi_endproc
 443              	.LFE130:
 445              		.global	wheel_rf
 446              		.global	wheel_lf
 447              		.global	wheel_rb
 448              		.global	wheel_lb
 449              		.section	.bss.wheel_lb,"aw",%nobits
 450              		.align	3
 451              		.set	.LANCHOR0,. + 0
 454              	wheel_lb:
 455 0000 00000000 		.space	88
 455      00000000 
 455      00000000 
 455      00000000 
 455      00000000 
 456              		.section	.bss.wheel_lf,"aw",%nobits
 457              		.align	3
 458              		.set	.LANCHOR2,. + 0
 461              	wheel_lf:
 462 0000 00000000 		.space	88
 462      00000000 
 462      00000000 
 462      00000000 
 462      00000000 
 463              		.section	.bss.wheel_rb,"aw",%nobits
 464              		.align	3
 465              		.set	.LANCHOR1,. + 0
 468              	wheel_rb:
 469 0000 00000000 		.space	88
 469      00000000 
 469      00000000 
 469      00000000 
 469      00000000 
 470              		.section	.bss.wheel_rf,"aw",%nobits
 471              		.align	3
 472              		.set	.LANCHOR3,. + 0
 475              	wheel_rf:
 476 0000 00000000 		.space	88
 476      00000000 
 476      00000000 
 476      00000000 
ARM GAS  C:\Users\liuda\AppData\Local\Temp\ccIn6hKm.s 			page 17


 476      00000000 
 477              		.text
 478              	.Letext0:
 479              		.file 3 "d:\\11.2 2022.02\\arm-none-eabi\\include\\machine\\_default_types.h"
 480              		.file 4 "d:\\11.2 2022.02\\arm-none-eabi\\include\\sys\\_stdint.h"
 481              		.file 5 "Drivers/CMSIS/Device/ST/STM32F4xx/Include/stm32f407xx.h"
 482              		.file 6 "Drivers/STM32F4xx_HAL_Driver/Inc/stm32f4xx_hal_def.h"
 483              		.file 7 "Drivers/STM32F4xx_HAL_Driver/Inc/stm32f4xx_hal_rcc_ex.h"
 484              		.file 8 "Drivers/STM32F4xx_HAL_Driver/Inc/stm32f4xx_hal_rcc.h"
 485              		.file 9 "Drivers/STM32F4xx_HAL_Driver/Inc/stm32f4xx_hal_dma.h"
 486              		.file 10 "Drivers/STM32F4xx_HAL_Driver/Inc/stm32f4xx_hal_tim.h"
 487              		.file 11 "Core/Inc/tim.h"
 488              		.file 12 "Core/Inc/pid.h"
 489              		.file 13 "Core/Inc/inverse_kinematics.h"
 490              		.file 14 "Core/Inc/usart.h"
 491              		.file 15 "Core/Inc/dma.h"
 492              		.file 16 "Core/Inc/gpio.h"
 493              		.file 17 "Drivers/STM32F4xx_HAL_Driver/Inc/stm32f4xx_hal.h"
 494              		.file 18 "<built-in>"
ARM GAS  C:\Users\liuda\AppData\Local\Temp\ccIn6hKm.s 			page 18


DEFINED SYMBOLS
                            *ABS*:00000000 main.c
C:\Users\liuda\AppData\Local\Temp\ccIn6hKm.s:20     .text.Error_Handler:00000000 $t
C:\Users\liuda\AppData\Local\Temp\ccIn6hKm.s:26     .text.Error_Handler:00000000 Error_Handler
C:\Users\liuda\AppData\Local\Temp\ccIn6hKm.s:59     .text.SystemClock_Config:00000000 $t
C:\Users\liuda\AppData\Local\Temp\ccIn6hKm.s:65     .text.SystemClock_Config:00000000 SystemClock_Config
C:\Users\liuda\AppData\Local\Temp\ccIn6hKm.s:212    .text.SystemClock_Config:0000009c $d
C:\Users\liuda\AppData\Local\Temp\ccIn6hKm.s:219    .rodata.main.str1.4:00000000 $d
C:\Users\liuda\AppData\Local\Temp\ccIn6hKm.s:224    .text.main:00000000 $t
C:\Users\liuda\AppData\Local\Temp\ccIn6hKm.s:230    .text.main:00000000 main
C:\Users\liuda\AppData\Local\Temp\ccIn6hKm.s:427    .text.main:00000120 $d
C:\Users\liuda\AppData\Local\Temp\ccIn6hKm.s:475    .bss.wheel_rf:00000000 wheel_rf
C:\Users\liuda\AppData\Local\Temp\ccIn6hKm.s:461    .bss.wheel_lf:00000000 wheel_lf
C:\Users\liuda\AppData\Local\Temp\ccIn6hKm.s:468    .bss.wheel_rb:00000000 wheel_rb
C:\Users\liuda\AppData\Local\Temp\ccIn6hKm.s:454    .bss.wheel_lb:00000000 wheel_lb
C:\Users\liuda\AppData\Local\Temp\ccIn6hKm.s:450    .bss.wheel_lb:00000000 $d
C:\Users\liuda\AppData\Local\Temp\ccIn6hKm.s:457    .bss.wheel_lf:00000000 $d
C:\Users\liuda\AppData\Local\Temp\ccIn6hKm.s:464    .bss.wheel_rb:00000000 $d
C:\Users\liuda\AppData\Local\Temp\ccIn6hKm.s:471    .bss.wheel_rf:00000000 $d

UNDEFINED SYMBOLS
memset
HAL_RCC_OscConfig
HAL_RCC_ClockConfig
__aeabi_i2d
__aeabi_dsub
HAL_Init
MX_GPIO_Init
MX_DMA_Init
MX_TIM1_Init
MX_TIM3_Init
MX_TIM4_Init
MX_TIM5_Init
MX_UART4_Init
MX_UART5_Init
MX_TIM8_Init
MX_USART2_UART_Init
wheel_init
HAL_GetTick
wheel_getVel
u1_printf
wheel_pwm
htim1
htim8
htim3
htim4
htim5
