ARM GAS  C:\Users\liuda\AppData\Local\Temp\ccd3hOBp.s 			page 1


   1              		.cpu cortex-m4
   2              		.arch armv7e-m
   3              		.fpu fpv4-sp-d16
   4              		.eabi_attribute 27, 1
   5              		.eabi_attribute 28, 1
   6              		.eabi_attribute 20, 1
   7              		.eabi_attribute 21, 1
   8              		.eabi_attribute 23, 3
   9              		.eabi_attribute 24, 1
  10              		.eabi_attribute 25, 1
  11              		.eabi_attribute 26, 1
  12              		.eabi_attribute 30, 1
  13              		.eabi_attribute 34, 1
  14              		.eabi_attribute 18, 4
  15              		.file	"pid.c"
  16              		.text
  17              	.Ltext0:
  18              		.cfi_sections	.debug_frame
  19              		.global	__aeabi_dsub
  20              		.global	__aeabi_dmul
  21              		.global	__aeabi_dadd
  22              		.global	__aeabi_i2d
  23              		.global	__aeabi_d2iz
  24              		.section	.text.pid_output,"ax",%progbits
  25              		.align	1
  26              		.global	pid_output
  27              		.syntax unified
  28              		.thumb
  29              		.thumb_func
  31              	pid_output:
  32              	.LVL0:
  33              	.LFB130:
  34              		.file 1 "Core/Src/pid.c"
   1:Core/Src/pid.c **** #include "pid.h"
   2:Core/Src/pid.c **** #include <math.h>
   3:Core/Src/pid.c **** 
   4:Core/Src/pid.c **** const short int p_rule[7][7] = {
   5:Core/Src/pid.c ****     3, 3, 2, 2, 1, 0, 0,
   6:Core/Src/pid.c ****     3, 3, 2, 2, 1, 0, -1,
   7:Core/Src/pid.c ****     2, 2, 2, 1, 0, -1, -1,
   8:Core/Src/pid.c ****     2, 2, 1, 0, -1, -2, -2,
   9:Core/Src/pid.c ****     1, 1, 0, -1, -1, -2, -2,
  10:Core/Src/pid.c ****     1, 0, -1, -2, -2, -2, -3,
  11:Core/Src/pid.c ****     0, 0, -2, -2, -2, -3, -3
  12:Core/Src/pid.c **** };
  13:Core/Src/pid.c **** 
  14:Core/Src/pid.c **** const short int i_rule[7][7] = {
  15:Core/Src/pid.c ****     -3, -3, -2, -2, -1, 0, 0,
  16:Core/Src/pid.c ****     -3, -3, -2, -1, -1, 0, 0,
  17:Core/Src/pid.c ****     -3, -2, -1, -1, 0, 1, 1,
  18:Core/Src/pid.c ****     -2, -2, -1, 0, 1, 2, 2,
  19:Core/Src/pid.c ****     -2, -1, 0, 1, 1, 2, 3,
  20:Core/Src/pid.c ****     0, 0, 1, 1, 2, 3, 3,
  21:Core/Src/pid.c ****     0, 0, 1, 2, 2, 3, 3
  22:Core/Src/pid.c **** };
  23:Core/Src/pid.c **** 
  24:Core/Src/pid.c **** const short int d_rule[7][7] = {
ARM GAS  C:\Users\liuda\AppData\Local\Temp\ccd3hOBp.s 			page 2


  25:Core/Src/pid.c ****     1, -1, -3, -3, -3, -2, 1,
  26:Core/Src/pid.c ****     1, -1, -3, -2, -2, -1, 0,
  27:Core/Src/pid.c ****     0, -1, -2, -2, -1, -1, 0,
  28:Core/Src/pid.c ****     0, -1, -1, -1, -1, -1, 0,
  29:Core/Src/pid.c ****     0, 0, 0, 0, 0, 0, 0,
  30:Core/Src/pid.c ****     3, -1, 1, 1, 1, 1, 3,
  31:Core/Src/pid.c ****     3, 2, 2, 2, 1, 1, 3
  32:Core/Src/pid.c **** };
  33:Core/Src/pid.c **** 
  34:Core/Src/pid.c **** void pid_output(pid_obj* pid, double error)
  35:Core/Src/pid.c **** {
  35              		.loc 1 35 1 view -0
  36              		.cfi_startproc
  37              		@ args = 0, pretend = 0, frame = 8
  38              		@ frame_needed = 0, uses_anonymous_args = 0
  39              		.loc 1 35 1 is_stmt 0 view .LVU1
  40 0000 2DE9D04F 		push	{r4, r6, r7, r8, r9, r10, fp, lr}
  41              	.LCFI0:
  42              		.cfi_def_cfa_offset 32
  43              		.cfi_offset 4, -32
  44              		.cfi_offset 6, -28
  45              		.cfi_offset 7, -24
  46              		.cfi_offset 8, -20
  47              		.cfi_offset 9, -16
  48              		.cfi_offset 10, -12
  49              		.cfi_offset 11, -8
  50              		.cfi_offset 14, -4
  51 0004 82B0     		sub	sp, sp, #8
  52              	.LCFI1:
  53              		.cfi_def_cfa_offset 40
  54 0006 0446     		mov	r4, r0
  55 0008 57EC106B 		vmov	r6, r7, d0
  36:Core/Src/pid.c ****     double change;
  56              		.loc 1 36 5 is_stmt 1 view .LVU2
  37:Core/Src/pid.c ****     change = pid->Kp * (error - pid->error_last) + pid->Ki * error + pid->Kd * (error - 2 * pid->er
  57              		.loc 1 37 5 view .LVU3
  58              		.loc 1 37 17 is_stmt 0 view .LVU4
  59 000c D0E90089 		ldrd	r8, [r0]
  60              		.loc 1 37 36 view .LVU5
  61 0010 D0E906AB 		ldrd	r10, [r0, #24]
  62              		.loc 1 37 31 view .LVU6
  63 0014 5246     		mov	r2, r10
  64 0016 5B46     		mov	r3, fp
  65 0018 10EE100A 		vmov	r0, s0	@ int
  66              	.LVL1:
  67              		.loc 1 37 31 view .LVU7
  68 001c 3946     		mov	r1, r7
  69 001e FFF7FEFF 		bl	__aeabi_dsub
  70              	.LVL2:
  71              		.loc 1 37 31 view .LVU8
  72 0022 0246     		mov	r2, r0
  73 0024 0B46     		mov	r3, r1
  74              		.loc 1 37 22 view .LVU9
  75 0026 4046     		mov	r0, r8
  76 0028 4946     		mov	r1, r9
  77 002a FFF7FEFF 		bl	__aeabi_dmul
  78              	.LVL3:
ARM GAS  C:\Users\liuda\AppData\Local\Temp\ccd3hOBp.s 			page 3


  79 002e 8046     		mov	r8, r0
  80 0030 8946     		mov	r9, r1
  81              		.loc 1 37 60 view .LVU10
  82 0032 3246     		mov	r2, r6
  83 0034 3B46     		mov	r3, r7
  84 0036 D4E90201 		ldrd	r0, [r4, #8]
  85 003a FFF7FEFF 		bl	__aeabi_dmul
  86              	.LVL4:
  87 003e 0246     		mov	r2, r0
  88 0040 0B46     		mov	r3, r1
  89              		.loc 1 37 50 view .LVU11
  90 0042 4046     		mov	r0, r8
  91 0044 4946     		mov	r1, r9
  92 0046 FFF7FEFF 		bl	__aeabi_dadd
  93              	.LVL5:
  94 004a CDE90001 		strd	r0, [sp]
  95              		.loc 1 37 73 view .LVU12
  96 004e D4E90489 		ldrd	r8, [r4, #16]
  97              		.loc 1 37 91 view .LVU13
  98 0052 5246     		mov	r2, r10
  99 0054 5B46     		mov	r3, fp
 100 0056 5046     		mov	r0, r10
 101 0058 5946     		mov	r1, fp
 102 005a FFF7FEFF 		bl	__aeabi_dadd
 103              	.LVL6:
 104 005e 0246     		mov	r2, r0
 105 0060 0B46     		mov	r3, r1
 106              		.loc 1 37 87 view .LVU14
 107 0062 3046     		mov	r0, r6
 108 0064 3946     		mov	r1, r7
 109 0066 FFF7FEFF 		bl	__aeabi_dsub
 110              	.LVL7:
 111              		.loc 1 37 109 view .LVU15
 112 006a D4E90823 		ldrd	r2, [r4, #32]
 113 006e FFF7FEFF 		bl	__aeabi_dadd
 114              	.LVL8:
 115 0072 0246     		mov	r2, r0
 116 0074 0B46     		mov	r3, r1
 117              		.loc 1 37 78 view .LVU16
 118 0076 4046     		mov	r0, r8
 119 0078 4946     		mov	r1, r9
 120 007a FFF7FEFF 		bl	__aeabi_dmul
 121              	.LVL9:
 122 007e 0246     		mov	r2, r0
 123 0080 0B46     		mov	r3, r1
 124              		.loc 1 37 12 view .LVU17
 125 0082 DDE90001 		ldrd	r0, [sp]
 126 0086 FFF7FEFF 		bl	__aeabi_dadd
 127              	.LVL10:
 128 008a 8046     		mov	r8, r0
 129 008c 8946     		mov	r9, r1
 130              	.LVL11:
  38:Core/Src/pid.c ****     pid->error_last_last = pid->error_last;
 131              		.loc 1 38 5 is_stmt 1 view .LVU18
 132              		.loc 1 38 26 is_stmt 0 view .LVU19
 133 008e C4E908AB 		strd	r10, [r4, #32]
  39:Core/Src/pid.c ****     pid->error_last = error;
ARM GAS  C:\Users\liuda\AppData\Local\Temp\ccd3hOBp.s 			page 4


 134              		.loc 1 39 5 is_stmt 1 view .LVU20
 135              		.loc 1 39 21 is_stmt 0 view .LVU21
 136 0092 C4E90667 		strd	r6, [r4, #24]
  40:Core/Src/pid.c ****     pid->output += change;
 137              		.loc 1 40 5 is_stmt 1 view .LVU22
 138              		.loc 1 40 17 is_stmt 0 view .LVU23
 139 0096 A06A     		ldr	r0, [r4, #40]
 140 0098 FFF7FEFF 		bl	__aeabi_i2d
 141              	.LVL12:
 142 009c 4246     		mov	r2, r8
 143 009e 4B46     		mov	r3, r9
 144 00a0 FFF7FEFF 		bl	__aeabi_dadd
 145              	.LVL13:
 146 00a4 FFF7FEFF 		bl	__aeabi_d2iz
 147              	.LVL14:
 148 00a8 A062     		str	r0, [r4, #40]
  41:Core/Src/pid.c ****     if (pid->output > pid->output_max)
 149              		.loc 1 41 5 is_stmt 1 view .LVU24
 150              		.loc 1 41 26 is_stmt 0 view .LVU25
 151 00aa E36A     		ldr	r3, [r4, #44]
 152              		.loc 1 41 8 view .LVU26
 153 00ac 9842     		cmp	r0, r3
 154 00ae 00DD     		ble	.L2
  42:Core/Src/pid.c ****     {
  43:Core/Src/pid.c ****         pid->output = pid->output_max;
 155              		.loc 1 43 9 is_stmt 1 view .LVU27
 156              		.loc 1 43 21 is_stmt 0 view .LVU28
 157 00b0 A362     		str	r3, [r4, #40]
 158              	.L2:
  44:Core/Src/pid.c ****     }
  45:Core/Src/pid.c ****     if (pid->output < pid->output_min)
 159              		.loc 1 45 5 is_stmt 1 view .LVU29
 160              		.loc 1 45 12 is_stmt 0 view .LVU30
 161 00b2 A26A     		ldr	r2, [r4, #40]
 162              		.loc 1 45 26 view .LVU31
 163 00b4 236B     		ldr	r3, [r4, #48]
 164              		.loc 1 45 8 view .LVU32
 165 00b6 9A42     		cmp	r2, r3
 166 00b8 00DA     		bge	.L1
  46:Core/Src/pid.c ****     {
  47:Core/Src/pid.c ****         pid->output = pid->output_min;
 167              		.loc 1 47 9 is_stmt 1 view .LVU33
 168              		.loc 1 47 21 is_stmt 0 view .LVU34
 169 00ba A362     		str	r3, [r4, #40]
 170              	.L1:
  48:Core/Src/pid.c ****     }
  49:Core/Src/pid.c ****     
  50:Core/Src/pid.c **** }
 171              		.loc 1 50 1 view .LVU35
 172 00bc 02B0     		add	sp, sp, #8
 173              	.LCFI2:
 174              		.cfi_def_cfa_offset 32
 175              		@ sp needed
 176 00be BDE8D08F 		pop	{r4, r6, r7, r8, r9, r10, fp, pc}
 177              		.loc 1 50 1 view .LVU36
 178              		.cfi_endproc
 179              	.LFE130:
ARM GAS  C:\Users\liuda\AppData\Local\Temp\ccd3hOBp.s 			page 5


 181              		.section	.text.wheel_init,"ax",%progbits
 182              		.align	1
 183              		.global	wheel_init
 184              		.syntax unified
 185              		.thumb
 186              		.thumb_func
 188              	wheel_init:
 189              	.LVL15:
 190              	.LFB131:
  51:Core/Src/pid.c **** 
  52:Core/Src/pid.c **** void wheel_init(wheel_obj* wheel, TIM_HandleTypeDef *p_htim, uint32_t channel, uint16_t pin1, uint1
  53:Core/Src/pid.c **** {
 191              		.loc 1 53 1 is_stmt 1 view -0
 192              		.cfi_startproc
 193              		@ args = 12, pretend = 0, frame = 0
 194              		@ frame_needed = 0, uses_anonymous_args = 0
 195              		.loc 1 53 1 is_stmt 0 view .LVU38
 196 0000 2DE9F047 		push	{r4, r5, r6, r7, r8, r9, r10, lr}
 197              	.LCFI3:
 198              		.cfi_def_cfa_offset 32
 199              		.cfi_offset 4, -32
 200              		.cfi_offset 5, -28
 201              		.cfi_offset 6, -24
 202              		.cfi_offset 7, -20
 203              		.cfi_offset 8, -16
 204              		.cfi_offset 9, -12
 205              		.cfi_offset 10, -8
 206              		.cfi_offset 14, -4
 207 0004 0D46     		mov	r5, r1
 208 0006 1446     		mov	r4, r2
 209 0008 1E46     		mov	r6, r3
 210 000a BDF82090 		ldrh	r9, [sp, #32]
 211 000e 099F     		ldr	r7, [sp, #36]
 212 0010 DDF82880 		ldr	r8, [sp, #40]
  54:Core/Src/pid.c ****     wheel->pid.Kp = 1;
 213              		.loc 1 54 5 is_stmt 1 view .LVU39
 214              		.loc 1 54 19 is_stmt 0 view .LVU40
 215 0014 0022     		movs	r2, #0
 216              	.LVL16:
 217              		.loc 1 54 19 view .LVU41
 218 0016 2A4B     		ldr	r3, .L13+8
 219              	.LVL17:
 220              		.loc 1 54 19 view .LVU42
 221 0018 C0E90023 		strd	r2, [r0]
  55:Core/Src/pid.c ****     wheel->pid.Ki = 3;
 222              		.loc 1 55 5 is_stmt 1 view .LVU43
 223              		.loc 1 55 19 is_stmt 0 view .LVU44
 224 001c 9FED267B 		vldr.64	d7, .L13
 225 0020 80ED027B 		vstr.64	d7, [r0, #8]
  56:Core/Src/pid.c ****     wheel->pid.Kd = 1;
 226              		.loc 1 56 5 is_stmt 1 view .LVU45
 227              		.loc 1 56 19 is_stmt 0 view .LVU46
 228 0024 C0E90423 		strd	r2, [r0, #16]
  57:Core/Src/pid.c ****     wheel->pid.error_last = 0;
 229              		.loc 1 57 5 is_stmt 1 view .LVU47
 230              		.loc 1 57 27 is_stmt 0 view .LVU48
 231 0028 0022     		movs	r2, #0
ARM GAS  C:\Users\liuda\AppData\Local\Temp\ccd3hOBp.s 			page 6


 232 002a 0023     		movs	r3, #0
 233 002c C0E90623 		strd	r2, [r0, #24]
  58:Core/Src/pid.c ****     wheel->pid.error_last_last = 0;
 234              		.loc 1 58 5 is_stmt 1 view .LVU49
 235              		.loc 1 58 32 is_stmt 0 view .LVU50
 236 0030 C0E90823 		strd	r2, [r0, #32]
  59:Core/Src/pid.c ****     wheel->pid.output = 0;
 237              		.loc 1 59 5 is_stmt 1 view .LVU51
 238              		.loc 1 59 23 is_stmt 0 view .LVU52
 239 0034 4FF0000A 		mov	r10, #0
 240 0038 C0F828A0 		str	r10, [r0, #40]
  60:Core/Src/pid.c ****     wheel->pid.output_max = 1000;
 241              		.loc 1 60 5 is_stmt 1 view .LVU53
 242              		.loc 1 60 27 is_stmt 0 view .LVU54
 243 003c 4FF47A71 		mov	r1, #1000
 244              	.LVL18:
 245              		.loc 1 60 27 view .LVU55
 246 0040 C162     		str	r1, [r0, #44]
  61:Core/Src/pid.c ****     wheel->pid.output_min = -1000;
 247              		.loc 1 61 5 is_stmt 1 view .LVU56
 248              		.loc 1 61 27 is_stmt 0 view .LVU57
 249 0042 A1F5FA61 		sub	r1, r1, #2000
 250 0046 0163     		str	r1, [r0, #48]
  62:Core/Src/pid.c ****     wheel->pwm_channel = channel;
 251              		.loc 1 62 5 is_stmt 1 view .LVU58
 252              		.loc 1 62 24 is_stmt 0 view .LVU59
 253 0048 C463     		str	r4, [r0, #60]
  63:Core/Src/pid.c ****     wheel->pwm_htim = p_htim;
 254              		.loc 1 63 5 is_stmt 1 view .LVU60
 255              		.loc 1 63 21 is_stmt 0 view .LVU61
 256 004a 8563     		str	r5, [r0, #56]
  64:Core/Src/pid.c ****     wheel->rotate_pin_1 = pin1;
 257              		.loc 1 64 5 is_stmt 1 view .LVU62
 258              		.loc 1 64 25 is_stmt 0 view .LVU63
 259 004c A0F84060 		strh	r6, [r0, #64]	@ movhi
  65:Core/Src/pid.c ****     wheel->rotate_pin_2 = pin2;
 260              		.loc 1 65 5 is_stmt 1 view .LVU64
 261              		.loc 1 65 25 is_stmt 0 view .LVU65
 262 0050 A0F84290 		strh	r9, [r0, #66]	@ movhi
  66:Core/Src/pid.c ****     wheel->rotate_port = port;
 263              		.loc 1 66 5 is_stmt 1 view .LVU66
 264              		.loc 1 66 24 is_stmt 0 view .LVU67
 265 0054 4764     		str	r7, [r0, #68]
  67:Core/Src/pid.c ****     wheel->setVel = 0;
 266              		.loc 1 67 5 is_stmt 1 view .LVU68
 267              		.loc 1 67 19 is_stmt 0 view .LVU69
 268 0056 C0E91223 		strd	r2, [r0, #72]
  68:Core/Src/pid.c ****     wheel->encoder_htim = e_htim;
 269              		.loc 1 68 5 is_stmt 1 view .LVU70
 270              		.loc 1 68 25 is_stmt 0 view .LVU71
 271 005a C0F85080 		str	r8, [r0, #80]
  69:Core/Src/pid.c ****     HAL_TIM_PWM_Start(wheel->pwm_htim, wheel->pwm_channel);
 272              		.loc 1 69 5 is_stmt 1 view .LVU72
 273 005e 2146     		mov	r1, r4
 274 0060 2846     		mov	r0, r5
 275              	.LVL19:
 276              		.loc 1 69 5 is_stmt 0 view .LVU73
ARM GAS  C:\Users\liuda\AppData\Local\Temp\ccd3hOBp.s 			page 7


 277 0062 FFF7FEFF 		bl	HAL_TIM_PWM_Start
 278              	.LVL20:
  70:Core/Src/pid.c ****     HAL_GPIO_WritePin(port, pin1, SET);
 279              		.loc 1 70 5 is_stmt 1 view .LVU74
 280 0066 0122     		movs	r2, #1
 281 0068 3146     		mov	r1, r6
 282 006a 3846     		mov	r0, r7
 283 006c FFF7FEFF 		bl	HAL_GPIO_WritePin
 284              	.LVL21:
  71:Core/Src/pid.c ****     HAL_GPIO_WritePin(port, pin2, RESET);
 285              		.loc 1 71 5 view .LVU75
 286 0070 5246     		mov	r2, r10
 287 0072 4946     		mov	r1, r9
 288 0074 3846     		mov	r0, r7
 289 0076 FFF7FEFF 		bl	HAL_GPIO_WritePin
 290              	.LVL22:
  72:Core/Src/pid.c ****     __HAL_TIM_SetCompare(p_htim, channel, 300);
 291              		.loc 1 72 5 view .LVU76
 292 007a 4CB9     		cbnz	r4, .L6
 293              		.loc 1 72 5 is_stmt 0 discriminator 1 view .LVU77
 294 007c 2B68     		ldr	r3, [r5]
 295 007e 4FF49672 		mov	r2, #300
 296 0082 5A63     		str	r2, [r3, #52]
 297              	.L7:
  73:Core/Src/pid.c ****     HAL_TIM_Encoder_Start(e_htim, TIM_CHANNEL_ALL);
 298              		.loc 1 73 5 is_stmt 1 view .LVU78
 299 0084 3C21     		movs	r1, #60
 300 0086 4046     		mov	r0, r8
 301 0088 FFF7FEFF 		bl	HAL_TIM_Encoder_Start
 302              	.LVL23:
  74:Core/Src/pid.c **** }
 303              		.loc 1 74 1 is_stmt 0 view .LVU79
 304 008c BDE8F087 		pop	{r4, r5, r6, r7, r8, r9, r10, pc}
 305              	.LVL24:
 306              	.L6:
  72:Core/Src/pid.c ****     __HAL_TIM_SetCompare(p_htim, channel, 300);
 307              		.loc 1 72 5 discriminator 2 view .LVU80
 308 0090 042C     		cmp	r4, #4
 309 0092 06D0     		beq	.L11
  72:Core/Src/pid.c ****     __HAL_TIM_SetCompare(p_htim, channel, 300);
 310              		.loc 1 72 5 discriminator 4 view .LVU81
 311 0094 082C     		cmp	r4, #8
 312 0096 09D0     		beq	.L12
  72:Core/Src/pid.c ****     __HAL_TIM_SetCompare(p_htim, channel, 300);
 313              		.loc 1 72 5 discriminator 7 view .LVU82
 314 0098 2B68     		ldr	r3, [r5]
 315 009a 4FF49672 		mov	r2, #300
 316 009e 1A64     		str	r2, [r3, #64]
 317 00a0 F0E7     		b	.L7
 318              	.L11:
  72:Core/Src/pid.c ****     __HAL_TIM_SetCompare(p_htim, channel, 300);
 319              		.loc 1 72 5 discriminator 3 view .LVU83
 320 00a2 2B68     		ldr	r3, [r5]
 321 00a4 4FF49672 		mov	r2, #300
 322 00a8 9A63     		str	r2, [r3, #56]
 323 00aa EBE7     		b	.L7
 324              	.L12:
ARM GAS  C:\Users\liuda\AppData\Local\Temp\ccd3hOBp.s 			page 8


  72:Core/Src/pid.c ****     __HAL_TIM_SetCompare(p_htim, channel, 300);
 325              		.loc 1 72 5 discriminator 6 view .LVU84
 326 00ac 2B68     		ldr	r3, [r5]
 327 00ae 4FF49672 		mov	r2, #300
 328 00b2 DA63     		str	r2, [r3, #60]
 329 00b4 E6E7     		b	.L7
 330              	.L14:
 331 00b6 00BF     		.align	3
 332              	.L13:
 333 00b8 00000000 		.word	0
 334 00bc 00000840 		.word	1074266112
 335 00c0 0000F03F 		.word	1072693248
 336              		.cfi_endproc
 337              	.LFE131:
 339              		.section	.text.wheel_reverse,"ax",%progbits
 340              		.align	1
 341              		.global	wheel_reverse
 342              		.syntax unified
 343              		.thumb
 344              		.thumb_func
 346              	wheel_reverse:
 347              	.LVL25:
 348              	.LFB132:
  75:Core/Src/pid.c **** 
  76:Core/Src/pid.c **** void wheel_reverse(wheel_obj *wheel)
  77:Core/Src/pid.c **** {
 349              		.loc 1 77 1 is_stmt 1 view -0
 350              		.cfi_startproc
 351              		@ args = 0, pretend = 0, frame = 0
 352              		@ frame_needed = 0, uses_anonymous_args = 0
 353              		.loc 1 77 1 is_stmt 0 view .LVU86
 354 0000 10B5     		push	{r4, lr}
 355              	.LCFI4:
 356              		.cfi_def_cfa_offset 8
 357              		.cfi_offset 4, -8
 358              		.cfi_offset 14, -4
 359 0002 0446     		mov	r4, r0
  78:Core/Src/pid.c ****     HAL_GPIO_TogglePin(wheel->rotate_port, wheel->rotate_pin_1);
 360              		.loc 1 78 5 is_stmt 1 view .LVU87
 361 0004 B0F84010 		ldrh	r1, [r0, #64]
 362 0008 406C     		ldr	r0, [r0, #68]
 363              	.LVL26:
 364              		.loc 1 78 5 is_stmt 0 view .LVU88
 365 000a FFF7FEFF 		bl	HAL_GPIO_TogglePin
 366              	.LVL27:
  79:Core/Src/pid.c ****     HAL_GPIO_TogglePin(wheel->rotate_port, wheel->rotate_pin_2);
 367              		.loc 1 79 5 is_stmt 1 view .LVU89
 368 000e B4F84210 		ldrh	r1, [r4, #66]
 369 0012 606C     		ldr	r0, [r4, #68]
 370 0014 FFF7FEFF 		bl	HAL_GPIO_TogglePin
 371              	.LVL28:
  80:Core/Src/pid.c **** }
 372              		.loc 1 80 1 is_stmt 0 view .LVU90
 373 0018 10BD     		pop	{r4, pc}
 374              		.loc 1 80 1 view .LVU91
 375              		.cfi_endproc
 376              	.LFE132:
ARM GAS  C:\Users\liuda\AppData\Local\Temp\ccd3hOBp.s 			page 9


 378              		.section	.text.wheel_pwm,"ax",%progbits
 379              		.align	1
 380              		.global	wheel_pwm
 381              		.syntax unified
 382              		.thumb
 383              		.thumb_func
 385              	wheel_pwm:
 386              	.LVL29:
 387              	.LFB133:
  81:Core/Src/pid.c **** 
  82:Core/Src/pid.c **** void wheel_pwm(wheel_obj *wheel, double error)
  83:Core/Src/pid.c **** {
 388              		.loc 1 83 1 is_stmt 1 view -0
 389              		.cfi_startproc
 390              		@ args = 0, pretend = 0, frame = 0
 391              		@ frame_needed = 0, uses_anonymous_args = 0
 392              		.loc 1 83 1 is_stmt 0 view .LVU93
 393 0000 38B5     		push	{r3, r4, r5, lr}
 394              	.LCFI5:
 395              		.cfi_def_cfa_offset 16
 396              		.cfi_offset 3, -16
 397              		.cfi_offset 4, -12
 398              		.cfi_offset 5, -8
 399              		.cfi_offset 14, -4
 400 0002 0446     		mov	r4, r0
  84:Core/Src/pid.c ****     pid_output(&wheel->pid, error);
 401              		.loc 1 84 5 is_stmt 1 view .LVU94
 402 0004 FFF7FEFF 		bl	pid_output
 403              	.LVL30:
  85:Core/Src/pid.c ****     int32_t output = wheel->pid.output;
 404              		.loc 1 85 5 view .LVU95
 405              		.loc 1 85 13 is_stmt 0 view .LVU96
 406 0008 A56A     		ldr	r5, [r4, #40]
 407              	.LVL31:
  86:Core/Src/pid.c ****     if(output < 0)
 408              		.loc 1 86 5 is_stmt 1 view .LVU97
 409              		.loc 1 86 7 is_stmt 0 view .LVU98
 410 000a 002D     		cmp	r5, #0
 411 000c 05DB     		blt	.L24
 412              	.L18:
  87:Core/Src/pid.c ****     {
  88:Core/Src/pid.c ****         wheel_reverse(wheel);
  89:Core/Src/pid.c ****         output = -output;
  90:Core/Src/pid.c ****     }
  91:Core/Src/pid.c ****     __HAL_TIM_SetCompare(wheel->pwm_htim, wheel->pwm_channel, (uint32_t)output);
 413              		.loc 1 91 5 is_stmt 1 view .LVU99
 414 000e E36B     		ldr	r3, [r4, #60]
 415 0010 43B9     		cbnz	r3, .L19
 416              		.loc 1 91 5 is_stmt 0 discriminator 1 view .LVU100
 417 0012 A36B     		ldr	r3, [r4, #56]
 418 0014 1B68     		ldr	r3, [r3]
 419 0016 5D63     		str	r5, [r3, #52]
 420              	.L17:
  92:Core/Src/pid.c **** }
 421              		.loc 1 92 1 view .LVU101
 422 0018 38BD     		pop	{r3, r4, r5, pc}
 423              	.LVL32:
ARM GAS  C:\Users\liuda\AppData\Local\Temp\ccd3hOBp.s 			page 10


 424              	.L24:
  88:Core/Src/pid.c ****         output = -output;
 425              		.loc 1 88 9 is_stmt 1 view .LVU102
 426 001a 2046     		mov	r0, r4
 427 001c FFF7FEFF 		bl	wheel_reverse
 428              	.LVL33:
  89:Core/Src/pid.c ****     }
 429              		.loc 1 89 9 view .LVU103
  89:Core/Src/pid.c ****     }
 430              		.loc 1 89 16 is_stmt 0 view .LVU104
 431 0020 6D42     		rsbs	r5, r5, #0
 432              	.LVL34:
  89:Core/Src/pid.c ****     }
 433              		.loc 1 89 16 view .LVU105
 434 0022 F4E7     		b	.L18
 435              	.L19:
  91:Core/Src/pid.c **** }
 436              		.loc 1 91 5 discriminator 2 view .LVU106
 437 0024 042B     		cmp	r3, #4
 438 0026 05D0     		beq	.L25
  91:Core/Src/pid.c **** }
 439              		.loc 1 91 5 discriminator 4 view .LVU107
 440 0028 082B     		cmp	r3, #8
 441 002a 07D0     		beq	.L26
  91:Core/Src/pid.c **** }
 442              		.loc 1 91 5 discriminator 7 view .LVU108
 443 002c A36B     		ldr	r3, [r4, #56]
 444 002e 1B68     		ldr	r3, [r3]
 445 0030 1D64     		str	r5, [r3, #64]
 446              		.loc 1 92 1 discriminator 7 view .LVU109
 447 0032 F1E7     		b	.L17
 448              	.L25:
  91:Core/Src/pid.c **** }
 449              		.loc 1 91 5 discriminator 3 view .LVU110
 450 0034 A36B     		ldr	r3, [r4, #56]
 451 0036 1B68     		ldr	r3, [r3]
 452 0038 9D63     		str	r5, [r3, #56]
 453 003a EDE7     		b	.L17
 454              	.L26:
  91:Core/Src/pid.c **** }
 455              		.loc 1 91 5 discriminator 6 view .LVU111
 456 003c A36B     		ldr	r3, [r4, #56]
 457 003e 1B68     		ldr	r3, [r3]
 458 0040 DD63     		str	r5, [r3, #60]
 459 0042 E9E7     		b	.L17
 460              		.cfi_endproc
 461              	.LFE133:
 463              		.global	__aeabi_ui2d
 464              		.global	__aeabi_ddiv
 465              		.section	.text.wheel_getVel,"ax",%progbits
 466              		.align	1
 467              		.global	wheel_getVel
 468              		.syntax unified
 469              		.thumb
 470              		.thumb_func
 472              	wheel_getVel:
 473              	.LVL35:
ARM GAS  C:\Users\liuda\AppData\Local\Temp\ccd3hOBp.s 			page 11


 474              	.LFB134:
  93:Core/Src/pid.c **** 
  94:Core/Src/pid.c **** double wheel_getVel(wheel_obj *wheel)
  95:Core/Src/pid.c **** {
 475              		.loc 1 95 1 is_stmt 1 view -0
 476              		.cfi_startproc
 477              		@ args = 0, pretend = 0, frame = 0
 478              		@ frame_needed = 0, uses_anonymous_args = 0
 479              		.loc 1 95 1 is_stmt 0 view .LVU113
 480 0000 10B5     		push	{r4, lr}
 481              	.LCFI6:
 482              		.cfi_def_cfa_offset 8
 483              		.cfi_offset 4, -8
 484              		.cfi_offset 14, -4
  96:Core/Src/pid.c ****     double vel;
 485              		.loc 1 96 5 is_stmt 1 view .LVU114
  97:Core/Src/pid.c ****     vel = __HAL_TIM_GetCounter(wheel->encoder_htim) / ENCODER / SAMPLE_PERIOD;
 486              		.loc 1 97 5 view .LVU115
 487              		.loc 1 97 11 is_stmt 0 view .LVU116
 488 0002 036D     		ldr	r3, [r0, #80]
 489 0004 1C68     		ldr	r4, [r3]
 490 0006 606A     		ldr	r0, [r4, #36]
 491              	.LVL36:
 492              		.loc 1 97 53 view .LVU117
 493 0008 FFF7FEFF 		bl	__aeabi_ui2d
 494              	.LVL37:
 495 000c 0CA3     		adr	r3, .L30
 496 000e D3E90023 		ldrd	r2, [r3]
 497 0012 FFF7FEFF 		bl	__aeabi_ddiv
 498              	.LVL38:
 499              		.loc 1 97 9 view .LVU118
 500 0016 0CA3     		adr	r3, .L30+8
 501 0018 D3E90023 		ldrd	r2, [r3]
 502 001c FFF7FEFF 		bl	__aeabi_ddiv
 503              	.LVL39:
 504 0020 41EC100B 		vmov	d0, r0, r1
  98:Core/Src/pid.c ****     if (__HAL_TIM_IS_TIM_COUNTING_DOWN(wheel->encoder_htim))
 505              		.loc 1 98 5 is_stmt 1 view .LVU119
 506              		.loc 1 98 9 is_stmt 0 view .LVU120
 507 0024 2368     		ldr	r3, [r4]
 508              		.loc 1 98 8 view .LVU121
 509 0026 13F0100F 		tst	r3, #16
 510 002a 06D0     		beq	.L28
  99:Core/Src/pid.c ****     {
 100:Core/Src/pid.c ****         vel = -vel;
 511              		.loc 1 100 9 is_stmt 1 view .LVU122
 512              		.loc 1 100 13 is_stmt 0 view .LVU123
 513 002c 0246     		mov	r2, r0
 514 002e 10EE901A 		vmov	r1, s1	@ int
 515 0032 01F10043 		add	r3, r1, #-2147483648
 516 0036 43EC102B 		vmov	d0, r2, r3
 517              	.LVL40:
 518              	.L28:
 101:Core/Src/pid.c ****     }
 102:Core/Src/pid.c ****     __HAL_TIM_SetCounter(wheel->encoder_htim, 0);
 519              		.loc 1 102 5 is_stmt 1 view .LVU124
 520 003a 0023     		movs	r3, #0
ARM GAS  C:\Users\liuda\AppData\Local\Temp\ccd3hOBp.s 			page 12


 521 003c 6362     		str	r3, [r4, #36]
 103:Core/Src/pid.c ****     return vel;
 522              		.loc 1 103 5 view .LVU125
 104:Core/Src/pid.c **** }
 523              		.loc 1 104 1 is_stmt 0 view .LVU126
 524 003e 10BD     		pop	{r4, pc}
 525              	.L31:
 526              		.align	3
 527              	.L30:
 528 0040 B1E1E995 		.word	-1779834447
 529 0044 B2506E40 		.word	1080971442
 530 0048 9A999999 		.word	-1717986918
 531 004c 9999B93F 		.word	1069128089
 532              		.cfi_endproc
 533              	.LFE134:
 535              		.global	__aeabi_dcmpge
 536              		.global	__aeabi_dcmple
 537              		.section	.text.membership,"ax",%progbits
 538              		.align	1
 539              		.global	membership
 540              		.syntax unified
 541              		.thumb
 542              		.thumb_func
 544              	membership:
 545              	.LVL41:
 546              	.LFB135:
 105:Core/Src/pid.c **** 
 106:Core/Src/pid.c **** void membership(double error, double derror, double* Me, double* Mde, short int* Fe, short int* Fde
 107:Core/Src/pid.c **** {
 547              		.loc 1 107 1 is_stmt 1 view -0
 548              		.cfi_startproc
 549              		@ args = 0, pretend = 0, frame = 0
 550              		@ frame_needed = 0, uses_anonymous_args = 0
 551              		.loc 1 107 1 is_stmt 0 view .LVU128
 552 0000 2DE9F84F 		push	{r3, r4, r5, r6, r7, r8, r9, r10, fp, lr}
 553              	.LCFI7:
 554              		.cfi_def_cfa_offset 40
 555              		.cfi_offset 3, -40
 556              		.cfi_offset 4, -36
 557              		.cfi_offset 5, -32
 558              		.cfi_offset 6, -28
 559              		.cfi_offset 7, -24
 560              		.cfi_offset 8, -20
 561              		.cfi_offset 9, -16
 562              		.cfi_offset 10, -12
 563              		.cfi_offset 11, -8
 564              		.cfi_offset 14, -4
 565 0004 2DED028B 		vpush.64	{d8}
 566              	.LCFI8:
 567              		.cfi_def_cfa_offset 48
 568              		.cfi_offset 80, -48
 569              		.cfi_offset 81, -44
 570 0008 59EC108B 		vmov	r8, r9, d0
 571 000c 57EC116B 		vmov	r6, r7, d1
 572 0010 8346     		mov	fp, r0
 573 0012 8A46     		mov	r10, r1
 574 0014 1546     		mov	r5, r2
ARM GAS  C:\Users\liuda\AppData\Local\Temp\ccd3hOBp.s 			page 13


 575 0016 1C46     		mov	r4, r3
 108:Core/Src/pid.c ****     double mapping;
 576              		.loc 1 108 5 is_stmt 1 view .LVU129
 109:Core/Src/pid.c ****     if (error >= E_MAX)
 577              		.loc 1 109 5 view .LVU130
 578              		.loc 1 109 8 is_stmt 0 view .LVU131
 579 0018 0022     		movs	r2, #0
 580              	.LVL42:
 581              		.loc 1 109 8 view .LVU132
 582 001a 654B     		ldr	r3, .L52+8
 583              	.LVL43:
 584              		.loc 1 109 8 view .LVU133
 585 001c 10EE100A 		vmov	r0, s0	@ int
 586              	.LVL44:
 587              		.loc 1 109 8 view .LVU134
 588 0020 4946     		mov	r1, r9
 589              	.LVL45:
 590              		.loc 1 109 8 view .LVU135
 591 0022 FFF7FEFF 		bl	__aeabi_dcmpge
 592              	.LVL46:
 593              		.loc 1 109 8 view .LVU136
 594 0026 18B3     		cbz	r0, .L47
 110:Core/Src/pid.c ****     {
 111:Core/Src/pid.c ****         Me[0] = 0;
 595              		.loc 1 111 9 is_stmt 1 view .LVU137
 596              		.loc 1 111 15 is_stmt 0 view .LVU138
 597 0028 0022     		movs	r2, #0
 598 002a 0023     		movs	r3, #0
 599 002c CBE90023 		strd	r2, [fp]
 112:Core/Src/pid.c ****         Me[1] = 1;
 600              		.loc 1 112 9 is_stmt 1 view .LVU139
 601              		.loc 1 112 15 is_stmt 0 view .LVU140
 602 0030 0022     		movs	r2, #0
 603 0032 604B     		ldr	r3, .L52+12
 604 0034 CBE90223 		strd	r2, [fp, #8]
 113:Core/Src/pid.c ****         Fe[0] = DOMAIN - 1;
 605              		.loc 1 113 9 is_stmt 1 view .LVU141
 606              		.loc 1 113 15 is_stmt 0 view .LVU142
 607 0038 0223     		movs	r3, #2
 608 003a 2B80     		strh	r3, [r5]	@ movhi
 114:Core/Src/pid.c ****         Fe[1] = DOMAIN;
 609              		.loc 1 114 9 is_stmt 1 view .LVU143
 610              		.loc 1 114 15 is_stmt 0 view .LVU144
 611 003c 0323     		movs	r3, #3
 612 003e 6B80     		strh	r3, [r5, #2]	@ movhi
 613              	.LVL47:
 614              	.L35:
 115:Core/Src/pid.c ****     }
 116:Core/Src/pid.c ****     else if (error <= E_MAX * (-1))
 117:Core/Src/pid.c ****     {
 118:Core/Src/pid.c ****         Me[0] = 1;
 119:Core/Src/pid.c ****         Me[1] = 0;
 120:Core/Src/pid.c ****         Fe[0] = DOMAIN * (-1) + 1;
 121:Core/Src/pid.c ****         Fe[1] = DOMAIN * (-1);
 122:Core/Src/pid.c ****     }
 123:Core/Src/pid.c ****     else
 124:Core/Src/pid.c ****     {
ARM GAS  C:\Users\liuda\AppData\Local\Temp\ccd3hOBp.s 			page 14


 125:Core/Src/pid.c ****         mapping = error * DOMAIN / E_MAX;
 126:Core/Src/pid.c ****         Fe[0] = floor(mapping);
 127:Core/Src/pid.c ****         Fe[1] = ceil(mapping);
 128:Core/Src/pid.c ****         Me[0] = mapping - Fe[0];
 129:Core/Src/pid.c ****         Me[1] = Fe[1] - mapping;
 130:Core/Src/pid.c ****     }
 131:Core/Src/pid.c **** 
 132:Core/Src/pid.c ****     if (derror >= DE_MAX)
 615              		.loc 1 132 5 is_stmt 1 view .LVU145
 616              		.loc 1 132 8 is_stmt 0 view .LVU146
 617 0040 0022     		movs	r2, #0
 618 0042 5B4B     		ldr	r3, .L52+8
 619 0044 3046     		mov	r0, r6
 620 0046 3946     		mov	r1, r7
 621 0048 FFF7FEFF 		bl	__aeabi_dcmpge
 622              	.LVL48:
 623 004c 0028     		cmp	r0, #0
 624 004e 5FD0     		beq	.L49
 133:Core/Src/pid.c ****     {
 134:Core/Src/pid.c ****         Mde[0] = 0;
 625              		.loc 1 134 9 is_stmt 1 view .LVU147
 626              		.loc 1 134 16 is_stmt 0 view .LVU148
 627 0050 0022     		movs	r2, #0
 628 0052 0023     		movs	r3, #0
 629 0054 CAE90023 		strd	r2, [r10]
 135:Core/Src/pid.c ****         Mde[1] = 1;
 630              		.loc 1 135 9 is_stmt 1 view .LVU149
 631              		.loc 1 135 16 is_stmt 0 view .LVU150
 632 0058 0022     		movs	r2, #0
 633 005a 564B     		ldr	r3, .L52+12
 634 005c CAE90223 		strd	r2, [r10, #8]
 136:Core/Src/pid.c ****         Fde[0] = DOMAIN - 1;
 635              		.loc 1 136 9 is_stmt 1 view .LVU151
 636              		.loc 1 136 16 is_stmt 0 view .LVU152
 637 0060 0223     		movs	r3, #2
 638 0062 2380     		strh	r3, [r4]	@ movhi
 137:Core/Src/pid.c ****         Fde[1] = DOMAIN;
 639              		.loc 1 137 9 is_stmt 1 view .LVU153
 640              		.loc 1 137 16 is_stmt 0 view .LVU154
 641 0064 0323     		movs	r3, #3
 642 0066 6380     		strh	r3, [r4, #2]	@ movhi
 643              	.LVL49:
 644              	.L32:
 138:Core/Src/pid.c ****     }
 139:Core/Src/pid.c ****     else if (derror <= DE_MAX * (-1))
 140:Core/Src/pid.c ****     {
 141:Core/Src/pid.c ****         Mde[0] = 1;
 142:Core/Src/pid.c ****         Mde[1] = 0;
 143:Core/Src/pid.c ****         Fde[0] = DOMAIN * (-1) + 1;
 144:Core/Src/pid.c ****         Fde[1] = DOMAIN * (-1);
 145:Core/Src/pid.c ****     }
 146:Core/Src/pid.c ****     else
 147:Core/Src/pid.c ****     {
 148:Core/Src/pid.c ****         mapping = derror * DOMAIN / DE_MAX;
 149:Core/Src/pid.c ****         Fde[0] = floor(mapping);
 150:Core/Src/pid.c ****         Fde[1] = ceil(mapping);
 151:Core/Src/pid.c ****         Mde[0] = mapping - Fde[0];
ARM GAS  C:\Users\liuda\AppData\Local\Temp\ccd3hOBp.s 			page 15


 152:Core/Src/pid.c ****         Mde[1] = Fde[1] - mapping;
 153:Core/Src/pid.c ****     }
 154:Core/Src/pid.c **** }
 645              		.loc 1 154 1 view .LVU155
 646 0068 BDEC028B 		vldm	sp!, {d8}
 647              	.LCFI9:
 648              		.cfi_remember_state
 649              		.cfi_restore 80
 650              		.cfi_restore 81
 651              		.cfi_def_cfa_offset 40
 652 006c BDE8F88F 		pop	{r3, r4, r5, r6, r7, r8, r9, r10, fp, pc}
 653              	.LVL50:
 654              	.L47:
 655              	.LCFI10:
 656              		.cfi_restore_state
 116:Core/Src/pid.c ****     {
 657              		.loc 1 116 10 is_stmt 1 view .LVU156
 116:Core/Src/pid.c ****     {
 658              		.loc 1 116 13 is_stmt 0 view .LVU157
 659 0070 4DA3     		adr	r3, .L52
 660 0072 D3E90023 		ldrd	r2, [r3]
 661 0076 4046     		mov	r0, r8
 662 0078 4946     		mov	r1, r9
 663 007a FFF7FEFF 		bl	__aeabi_dcmple
 664              	.LVL51:
 665 007e 70B1     		cbz	r0, .L48
 118:Core/Src/pid.c ****         Me[1] = 0;
 666              		.loc 1 118 9 is_stmt 1 view .LVU158
 118:Core/Src/pid.c ****         Me[1] = 0;
 667              		.loc 1 118 15 is_stmt 0 view .LVU159
 668 0080 0022     		movs	r2, #0
 669 0082 4C4B     		ldr	r3, .L52+12
 670 0084 CBE90023 		strd	r2, [fp]
 119:Core/Src/pid.c ****         Fe[0] = DOMAIN * (-1) + 1;
 671              		.loc 1 119 9 is_stmt 1 view .LVU160
 119:Core/Src/pid.c ****         Fe[0] = DOMAIN * (-1) + 1;
 672              		.loc 1 119 15 is_stmt 0 view .LVU161
 673 0088 0022     		movs	r2, #0
 674 008a 0023     		movs	r3, #0
 675 008c CBE90223 		strd	r2, [fp, #8]
 120:Core/Src/pid.c ****         Fe[1] = DOMAIN * (-1);
 676              		.loc 1 120 9 is_stmt 1 view .LVU162
 120:Core/Src/pid.c ****         Fe[1] = DOMAIN * (-1);
 677              		.loc 1 120 15 is_stmt 0 view .LVU163
 678 0090 4FF6FE73 		movw	r3, #65534
 679 0094 2B80     		strh	r3, [r5]	@ movhi
 121:Core/Src/pid.c ****     }
 680              		.loc 1 121 9 is_stmt 1 view .LVU164
 121:Core/Src/pid.c ****     }
 681              		.loc 1 121 15 is_stmt 0 view .LVU165
 682 0096 4FF6FD73 		movw	r3, #65533
 683 009a 6B80     		strh	r3, [r5, #2]	@ movhi
 684 009c D0E7     		b	.L35
 685              	.L48:
 125:Core/Src/pid.c ****         Fe[0] = floor(mapping);
 686              		.loc 1 125 9 is_stmt 1 view .LVU166
 125:Core/Src/pid.c ****         Fe[0] = floor(mapping);
ARM GAS  C:\Users\liuda\AppData\Local\Temp\ccd3hOBp.s 			page 16


 687              		.loc 1 125 25 is_stmt 0 view .LVU167
 688 009e 0022     		movs	r2, #0
 689 00a0 454B     		ldr	r3, .L52+16
 690 00a2 4046     		mov	r0, r8
 691 00a4 4946     		mov	r1, r9
 692 00a6 FFF7FEFF 		bl	__aeabi_dmul
 693              	.LVL52:
 125:Core/Src/pid.c ****         Fe[0] = floor(mapping);
 694              		.loc 1 125 17 view .LVU168
 695 00aa 0022     		movs	r2, #0
 696 00ac 404B     		ldr	r3, .L52+8
 697 00ae FFF7FEFF 		bl	__aeabi_ddiv
 698              	.LVL53:
 699 00b2 41EC180B 		vmov	d8, r0, r1
 700              	.LVL54:
 126:Core/Src/pid.c ****         Fe[1] = ceil(mapping);
 701              		.loc 1 126 9 is_stmt 1 view .LVU169
 126:Core/Src/pid.c ****         Fe[1] = ceil(mapping);
 702              		.loc 1 126 17 is_stmt 0 view .LVU170
 703 00b6 41EC100B 		vmov	d0, r0, r1
 704 00ba FFF7FEFF 		bl	floor
 705              	.LVL55:
 126:Core/Src/pid.c ****         Fe[1] = ceil(mapping);
 706              		.loc 1 126 17 view .LVU171
 707 00be 51EC100B 		vmov	r0, r1, d0
 126:Core/Src/pid.c ****         Fe[1] = ceil(mapping);
 708              		.loc 1 126 15 view .LVU172
 709 00c2 FFF7FEFF 		bl	__aeabi_d2iz
 710              	.LVL56:
 711 00c6 0FFA80F8 		sxth	r8, r0
 712              	.LVL57:
 126:Core/Src/pid.c ****         Fe[1] = ceil(mapping);
 713              		.loc 1 126 15 view .LVU173
 714 00ca A5F80080 		strh	r8, [r5]	@ movhi
 127:Core/Src/pid.c ****         Me[0] = mapping - Fe[0];
 715              		.loc 1 127 9 is_stmt 1 view .LVU174
 127:Core/Src/pid.c ****         Me[0] = mapping - Fe[0];
 716              		.loc 1 127 17 is_stmt 0 view .LVU175
 717 00ce B0EE480A 		vmov.f32	s0, s16
 718 00d2 F0EE680A 		vmov.f32	s1, s17
 719 00d6 FFF7FEFF 		bl	ceil
 720              	.LVL58:
 721 00da 51EC100B 		vmov	r0, r1, d0
 127:Core/Src/pid.c ****         Me[0] = mapping - Fe[0];
 722              		.loc 1 127 15 view .LVU176
 723 00de FFF7FEFF 		bl	__aeabi_d2iz
 724              	.LVL59:
 725 00e2 6880     		strh	r0, [r5, #2]	@ movhi
 128:Core/Src/pid.c ****         Me[1] = Fe[1] - mapping;
 726              		.loc 1 128 9 is_stmt 1 view .LVU177
 128:Core/Src/pid.c ****         Me[1] = Fe[1] - mapping;
 727              		.loc 1 128 25 is_stmt 0 view .LVU178
 728 00e4 4046     		mov	r0, r8
 729 00e6 FFF7FEFF 		bl	__aeabi_i2d
 730              	.LVL60:
 731 00ea 0246     		mov	r2, r0
 732 00ec 0B46     		mov	r3, r1
ARM GAS  C:\Users\liuda\AppData\Local\Temp\ccd3hOBp.s 			page 17


 733 00ee 51EC180B 		vmov	r0, r1, d8
 734 00f2 FFF7FEFF 		bl	__aeabi_dsub
 735              	.LVL61:
 128:Core/Src/pid.c ****         Me[1] = Fe[1] - mapping;
 736              		.loc 1 128 15 view .LVU179
 737 00f6 CBE90001 		strd	r0, [fp]
 129:Core/Src/pid.c ****     }
 738              		.loc 1 129 9 is_stmt 1 view .LVU180
 129:Core/Src/pid.c ****     }
 739              		.loc 1 129 23 is_stmt 0 view .LVU181
 740 00fa B5F90200 		ldrsh	r0, [r5, #2]
 741 00fe FFF7FEFF 		bl	__aeabi_i2d
 742              	.LVL62:
 743 0102 53EC182B 		vmov	r2, r3, d8
 744 0106 FFF7FEFF 		bl	__aeabi_dsub
 745              	.LVL63:
 129:Core/Src/pid.c ****     }
 746              		.loc 1 129 15 view .LVU182
 747 010a CBE90201 		strd	r0, [fp, #8]
 748 010e 97E7     		b	.L35
 749              	.LVL64:
 750              	.L49:
 139:Core/Src/pid.c ****     {
 751              		.loc 1 139 10 is_stmt 1 view .LVU183
 139:Core/Src/pid.c ****     {
 752              		.loc 1 139 13 is_stmt 0 view .LVU184
 753 0110 25A3     		adr	r3, .L52
 754 0112 D3E90023 		ldrd	r2, [r3]
 755 0116 3046     		mov	r0, r6
 756 0118 3946     		mov	r1, r7
 757 011a FFF7FEFF 		bl	__aeabi_dcmple
 758              	.LVL65:
 759 011e 70B1     		cbz	r0, .L50
 141:Core/Src/pid.c ****         Mde[1] = 0;
 760              		.loc 1 141 9 is_stmt 1 view .LVU185
 141:Core/Src/pid.c ****         Mde[1] = 0;
 761              		.loc 1 141 16 is_stmt 0 view .LVU186
 762 0120 0022     		movs	r2, #0
 763 0122 244B     		ldr	r3, .L52+12
 764 0124 CAE90023 		strd	r2, [r10]
 142:Core/Src/pid.c ****         Fde[0] = DOMAIN * (-1) + 1;
 765              		.loc 1 142 9 is_stmt 1 view .LVU187
 142:Core/Src/pid.c ****         Fde[0] = DOMAIN * (-1) + 1;
 766              		.loc 1 142 16 is_stmt 0 view .LVU188
 767 0128 0022     		movs	r2, #0
 768 012a 0023     		movs	r3, #0
 769 012c CAE90223 		strd	r2, [r10, #8]
 143:Core/Src/pid.c ****         Fde[1] = DOMAIN * (-1);
 770              		.loc 1 143 9 is_stmt 1 view .LVU189
 143:Core/Src/pid.c ****         Fde[1] = DOMAIN * (-1);
 771              		.loc 1 143 16 is_stmt 0 view .LVU190
 772 0130 4FF6FE73 		movw	r3, #65534
 773 0134 2380     		strh	r3, [r4]	@ movhi
 144:Core/Src/pid.c ****     }
 774              		.loc 1 144 9 is_stmt 1 view .LVU191
 144:Core/Src/pid.c ****     }
 775              		.loc 1 144 16 is_stmt 0 view .LVU192
ARM GAS  C:\Users\liuda\AppData\Local\Temp\ccd3hOBp.s 			page 18


 776 0136 4FF6FD73 		movw	r3, #65533
 777 013a 6380     		strh	r3, [r4, #2]	@ movhi
 778 013c 94E7     		b	.L32
 779              	.L50:
 148:Core/Src/pid.c ****         Fde[0] = floor(mapping);
 780              		.loc 1 148 9 is_stmt 1 view .LVU193
 148:Core/Src/pid.c ****         Fde[0] = floor(mapping);
 781              		.loc 1 148 26 is_stmt 0 view .LVU194
 782 013e 0022     		movs	r2, #0
 783 0140 1D4B     		ldr	r3, .L52+16
 784 0142 3046     		mov	r0, r6
 785 0144 3946     		mov	r1, r7
 786 0146 FFF7FEFF 		bl	__aeabi_dmul
 787              	.LVL66:
 148:Core/Src/pid.c ****         Fde[0] = floor(mapping);
 788              		.loc 1 148 17 view .LVU195
 789 014a 0022     		movs	r2, #0
 790 014c 184B     		ldr	r3, .L52+8
 791 014e FFF7FEFF 		bl	__aeabi_ddiv
 792              	.LVL67:
 793 0152 0646     		mov	r6, r0
 794              	.LVL68:
 148:Core/Src/pid.c ****         Fde[0] = floor(mapping);
 795              		.loc 1 148 17 view .LVU196
 796 0154 0F46     		mov	r7, r1
 797              	.LVL69:
 149:Core/Src/pid.c ****         Fde[1] = ceil(mapping);
 798              		.loc 1 149 9 is_stmt 1 view .LVU197
 149:Core/Src/pid.c ****         Fde[1] = ceil(mapping);
 799              		.loc 1 149 18 is_stmt 0 view .LVU198
 800 0156 47EC106B 		vmov	d0, r6, r7
 801 015a FFF7FEFF 		bl	floor
 802              	.LVL70:
 803 015e 51EC100B 		vmov	r0, r1, d0
 149:Core/Src/pid.c ****         Fde[1] = ceil(mapping);
 804              		.loc 1 149 16 view .LVU199
 805 0162 FFF7FEFF 		bl	__aeabi_d2iz
 806              	.LVL71:
 807 0166 05B2     		sxth	r5, r0
 808              	.LVL72:
 149:Core/Src/pid.c ****         Fde[1] = ceil(mapping);
 809              		.loc 1 149 16 view .LVU200
 810 0168 2580     		strh	r5, [r4]	@ movhi
 150:Core/Src/pid.c ****         Mde[0] = mapping - Fde[0];
 811              		.loc 1 150 9 is_stmt 1 view .LVU201
 150:Core/Src/pid.c ****         Mde[0] = mapping - Fde[0];
 812              		.loc 1 150 18 is_stmt 0 view .LVU202
 813 016a 47EC106B 		vmov	d0, r6, r7
 814 016e FFF7FEFF 		bl	ceil
 815              	.LVL73:
 816 0172 51EC100B 		vmov	r0, r1, d0
 150:Core/Src/pid.c ****         Mde[0] = mapping - Fde[0];
 817              		.loc 1 150 16 view .LVU203
 818 0176 FFF7FEFF 		bl	__aeabi_d2iz
 819              	.LVL74:
 820 017a 6080     		strh	r0, [r4, #2]	@ movhi
 151:Core/Src/pid.c ****         Mde[1] = Fde[1] - mapping;
ARM GAS  C:\Users\liuda\AppData\Local\Temp\ccd3hOBp.s 			page 19


 821              		.loc 1 151 9 is_stmt 1 view .LVU204
 151:Core/Src/pid.c ****         Mde[1] = Fde[1] - mapping;
 822              		.loc 1 151 26 is_stmt 0 view .LVU205
 823 017c 2846     		mov	r0, r5
 824 017e FFF7FEFF 		bl	__aeabi_i2d
 825              	.LVL75:
 826 0182 0246     		mov	r2, r0
 827 0184 0B46     		mov	r3, r1
 828 0186 3046     		mov	r0, r6
 829 0188 3946     		mov	r1, r7
 830 018a FFF7FEFF 		bl	__aeabi_dsub
 831              	.LVL76:
 151:Core/Src/pid.c ****         Mde[1] = Fde[1] - mapping;
 832              		.loc 1 151 16 view .LVU206
 833 018e CAE90001 		strd	r0, [r10]
 152:Core/Src/pid.c ****     }
 834              		.loc 1 152 9 is_stmt 1 view .LVU207
 152:Core/Src/pid.c ****     }
 835              		.loc 1 152 25 is_stmt 0 view .LVU208
 836 0192 B4F90200 		ldrsh	r0, [r4, #2]
 837 0196 FFF7FEFF 		bl	__aeabi_i2d
 838              	.LVL77:
 839 019a 3246     		mov	r2, r6
 840 019c 3B46     		mov	r3, r7
 841 019e FFF7FEFF 		bl	__aeabi_dsub
 842              	.LVL78:
 152:Core/Src/pid.c ****     }
 843              		.loc 1 152 16 view .LVU209
 844 01a2 CAE90201 		strd	r0, [r10, #8]
 845              		.loc 1 154 1 view .LVU210
 846 01a6 5FE7     		b	.L32
 847              	.L53:
 848              		.align	3
 849              	.L52:
 850 01a8 00000000 		.word	0
 851 01ac 00408FC0 		.word	-1064353792
 852 01b0 00408F40 		.word	1083129856
 853 01b4 0000F03F 		.word	1072693248
 854 01b8 00000840 		.word	1074266112
 855              		.cfi_endproc
 856              	.LFE135:
 858              		.section	.text.fuzzy_rule,"ax",%progbits
 859              		.align	1
 860              		.global	fuzzy_rule
 861              		.syntax unified
 862              		.thumb
 863              		.thumb_func
 865              	fuzzy_rule:
 866              	.LVL79:
 867              	.LFB136:
 155:Core/Src/pid.c **** 
 156:Core/Src/pid.c **** void fuzzy_rule(short int* Fe, short int* Fde, short int F[][2][2])
 157:Core/Src/pid.c **** {
 868              		.loc 1 157 1 is_stmt 1 view -0
 869              		.cfi_startproc
 870              		@ args = 0, pretend = 0, frame = 0
 871              		@ frame_needed = 0, uses_anonymous_args = 0
ARM GAS  C:\Users\liuda\AppData\Local\Temp\ccd3hOBp.s 			page 20


 872              		@ link register save eliminated.
 873              		.loc 1 157 1 is_stmt 0 view .LVU212
 874 0000 10B4     		push	{r4}
 875              	.LCFI11:
 876              		.cfi_def_cfa_offset 4
 877              		.cfi_offset 4, -4
 158:Core/Src/pid.c ****     F[0][0][0] = p_rule[Fe[0] + 3][Fde[0] + 3];
 878              		.loc 1 158 5 is_stmt 1 view .LVU213
 879              		.loc 1 158 27 is_stmt 0 view .LVU214
 880 0002 B0F90030 		ldrsh	r3, [r0]
 881              		.loc 1 158 31 view .LVU215
 882 0006 0333     		adds	r3, r3, #3
 883              		.loc 1 158 39 view .LVU216
 884 0008 B1F900C0 		ldrsh	ip, [r1]
 885              		.loc 1 158 43 view .LVU217
 886 000c 0CF1030C 		add	ip, ip, #3
 887              		.loc 1 158 35 view .LVU218
 888 0010 4C4C     		ldr	r4, .L56
 889 0012 C3EBC303 		rsb	r3, r3, r3, lsl #3
 890 0016 6344     		add	r3, r3, ip
 891 0018 34F91330 		ldrsh	r3, [r4, r3, lsl #1]
 892              		.loc 1 158 16 view .LVU219
 893 001c 1380     		strh	r3, [r2]	@ movhi
 159:Core/Src/pid.c ****     F[0][0][1] = p_rule[Fe[0] + 3][Fde[1] + 3];
 894              		.loc 1 159 5 is_stmt 1 view .LVU220
 895              		.loc 1 159 27 is_stmt 0 view .LVU221
 896 001e B0F90030 		ldrsh	r3, [r0]
 897              		.loc 1 159 31 view .LVU222
 898 0022 0333     		adds	r3, r3, #3
 899              		.loc 1 159 39 view .LVU223
 900 0024 B1F902C0 		ldrsh	ip, [r1, #2]
 901              		.loc 1 159 43 view .LVU224
 902 0028 0CF1030C 		add	ip, ip, #3
 903              		.loc 1 159 35 view .LVU225
 904 002c C3EBC303 		rsb	r3, r3, r3, lsl #3
 905 0030 6344     		add	r3, r3, ip
 906 0032 34F91330 		ldrsh	r3, [r4, r3, lsl #1]
 907              		.loc 1 159 16 view .LVU226
 908 0036 5380     		strh	r3, [r2, #2]	@ movhi
 160:Core/Src/pid.c ****     F[0][1][0] = p_rule[Fe[1] + 3][Fde[0] + 3];
 909              		.loc 1 160 5 is_stmt 1 view .LVU227
 910              		.loc 1 160 27 is_stmt 0 view .LVU228
 911 0038 B0F90230 		ldrsh	r3, [r0, #2]
 912              		.loc 1 160 31 view .LVU229
 913 003c 0333     		adds	r3, r3, #3
 914              		.loc 1 160 39 view .LVU230
 915 003e B1F900C0 		ldrsh	ip, [r1]
 916              		.loc 1 160 43 view .LVU231
 917 0042 0CF1030C 		add	ip, ip, #3
 918              		.loc 1 160 35 view .LVU232
 919 0046 C3EBC303 		rsb	r3, r3, r3, lsl #3
 920 004a 6344     		add	r3, r3, ip
 921 004c 34F91330 		ldrsh	r3, [r4, r3, lsl #1]
 922              		.loc 1 160 16 view .LVU233
 923 0050 9380     		strh	r3, [r2, #4]	@ movhi
 161:Core/Src/pid.c ****     F[0][1][1] = p_rule[Fe[1] + 3][Fde[1] + 3];
 924              		.loc 1 161 5 is_stmt 1 view .LVU234
ARM GAS  C:\Users\liuda\AppData\Local\Temp\ccd3hOBp.s 			page 21


 925              		.loc 1 161 27 is_stmt 0 view .LVU235
 926 0052 B0F90230 		ldrsh	r3, [r0, #2]
 927              		.loc 1 161 31 view .LVU236
 928 0056 0333     		adds	r3, r3, #3
 929              		.loc 1 161 39 view .LVU237
 930 0058 B1F902C0 		ldrsh	ip, [r1, #2]
 931              		.loc 1 161 43 view .LVU238
 932 005c 0CF1030C 		add	ip, ip, #3
 933              		.loc 1 161 35 view .LVU239
 934 0060 C3EBC303 		rsb	r3, r3, r3, lsl #3
 935 0064 6344     		add	r3, r3, ip
 936 0066 34F91330 		ldrsh	r3, [r4, r3, lsl #1]
 937              		.loc 1 161 16 view .LVU240
 938 006a D380     		strh	r3, [r2, #6]	@ movhi
 162:Core/Src/pid.c **** 
 163:Core/Src/pid.c ****     F[1][0][0] = i_rule[Fe[0] + 3][Fde[0] + 3];
 939              		.loc 1 163 5 is_stmt 1 view .LVU241
 940              		.loc 1 163 27 is_stmt 0 view .LVU242
 941 006c B0F90030 		ldrsh	r3, [r0]
 942              		.loc 1 163 31 view .LVU243
 943 0070 0333     		adds	r3, r3, #3
 944              		.loc 1 163 39 view .LVU244
 945 0072 B1F900C0 		ldrsh	ip, [r1]
 946              		.loc 1 163 43 view .LVU245
 947 0076 0CF1030C 		add	ip, ip, #3
 948              		.loc 1 163 35 view .LVU246
 949 007a 334C     		ldr	r4, .L56+4
 950 007c C3EBC303 		rsb	r3, r3, r3, lsl #3
 951 0080 6344     		add	r3, r3, ip
 952 0082 34F91330 		ldrsh	r3, [r4, r3, lsl #1]
 953              		.loc 1 163 16 view .LVU247
 954 0086 1381     		strh	r3, [r2, #8]	@ movhi
 164:Core/Src/pid.c ****     F[1][0][1] = i_rule[Fe[0] + 3][Fde[1] + 3];
 955              		.loc 1 164 5 is_stmt 1 view .LVU248
 956              		.loc 1 164 27 is_stmt 0 view .LVU249
 957 0088 B0F90030 		ldrsh	r3, [r0]
 958              		.loc 1 164 31 view .LVU250
 959 008c 0333     		adds	r3, r3, #3
 960              		.loc 1 164 39 view .LVU251
 961 008e B1F902C0 		ldrsh	ip, [r1, #2]
 962              		.loc 1 164 43 view .LVU252
 963 0092 0CF1030C 		add	ip, ip, #3
 964              		.loc 1 164 35 view .LVU253
 965 0096 C3EBC303 		rsb	r3, r3, r3, lsl #3
 966 009a 6344     		add	r3, r3, ip
 967 009c 34F91330 		ldrsh	r3, [r4, r3, lsl #1]
 968              		.loc 1 164 16 view .LVU254
 969 00a0 5381     		strh	r3, [r2, #10]	@ movhi
 165:Core/Src/pid.c ****     F[1][1][0] = i_rule[Fe[1] + 3][Fde[0] + 3];
 970              		.loc 1 165 5 is_stmt 1 view .LVU255
 971              		.loc 1 165 27 is_stmt 0 view .LVU256
 972 00a2 B0F90230 		ldrsh	r3, [r0, #2]
 973              		.loc 1 165 31 view .LVU257
 974 00a6 0333     		adds	r3, r3, #3
 975              		.loc 1 165 39 view .LVU258
 976 00a8 B1F900C0 		ldrsh	ip, [r1]
 977              		.loc 1 165 43 view .LVU259
ARM GAS  C:\Users\liuda\AppData\Local\Temp\ccd3hOBp.s 			page 22


 978 00ac 0CF1030C 		add	ip, ip, #3
 979              		.loc 1 165 35 view .LVU260
 980 00b0 C3EBC303 		rsb	r3, r3, r3, lsl #3
 981 00b4 6344     		add	r3, r3, ip
 982 00b6 34F91330 		ldrsh	r3, [r4, r3, lsl #1]
 983              		.loc 1 165 16 view .LVU261
 984 00ba 9381     		strh	r3, [r2, #12]	@ movhi
 166:Core/Src/pid.c ****     F[1][1][1] = i_rule[Fe[1] + 3][Fde[1] + 3];
 985              		.loc 1 166 5 is_stmt 1 view .LVU262
 986              		.loc 1 166 27 is_stmt 0 view .LVU263
 987 00bc B0F90230 		ldrsh	r3, [r0, #2]
 988              		.loc 1 166 31 view .LVU264
 989 00c0 0333     		adds	r3, r3, #3
 990              		.loc 1 166 39 view .LVU265
 991 00c2 B1F902C0 		ldrsh	ip, [r1, #2]
 992              		.loc 1 166 43 view .LVU266
 993 00c6 0CF1030C 		add	ip, ip, #3
 994              		.loc 1 166 35 view .LVU267
 995 00ca C3EBC303 		rsb	r3, r3, r3, lsl #3
 996 00ce 6344     		add	r3, r3, ip
 997 00d0 34F91330 		ldrsh	r3, [r4, r3, lsl #1]
 998              		.loc 1 166 16 view .LVU268
 999 00d4 D381     		strh	r3, [r2, #14]	@ movhi
 167:Core/Src/pid.c **** 
 168:Core/Src/pid.c ****     F[2][0][0] = d_rule[Fe[0] + 3][Fde[0] + 3];
 1000              		.loc 1 168 5 is_stmt 1 view .LVU269
 1001              		.loc 1 168 27 is_stmt 0 view .LVU270
 1002 00d6 B0F90030 		ldrsh	r3, [r0]
 1003              		.loc 1 168 31 view .LVU271
 1004 00da 0333     		adds	r3, r3, #3
 1005              		.loc 1 168 39 view .LVU272
 1006 00dc B1F900C0 		ldrsh	ip, [r1]
 1007              		.loc 1 168 43 view .LVU273
 1008 00e0 0CF1030C 		add	ip, ip, #3
 1009              		.loc 1 168 35 view .LVU274
 1010 00e4 194C     		ldr	r4, .L56+8
 1011 00e6 C3EBC303 		rsb	r3, r3, r3, lsl #3
 1012 00ea 6344     		add	r3, r3, ip
 1013 00ec 34F91330 		ldrsh	r3, [r4, r3, lsl #1]
 1014              		.loc 1 168 16 view .LVU275
 1015 00f0 1382     		strh	r3, [r2, #16]	@ movhi
 169:Core/Src/pid.c ****     F[2][0][1] = d_rule[Fe[0] + 3][Fde[1] + 3];
 1016              		.loc 1 169 5 is_stmt 1 view .LVU276
 1017              		.loc 1 169 27 is_stmt 0 view .LVU277
 1018 00f2 B0F90030 		ldrsh	r3, [r0]
 1019              		.loc 1 169 31 view .LVU278
 1020 00f6 0333     		adds	r3, r3, #3
 1021              		.loc 1 169 39 view .LVU279
 1022 00f8 B1F902C0 		ldrsh	ip, [r1, #2]
 1023              		.loc 1 169 43 view .LVU280
 1024 00fc 0CF1030C 		add	ip, ip, #3
 1025              		.loc 1 169 35 view .LVU281
 1026 0100 C3EBC303 		rsb	r3, r3, r3, lsl #3
 1027 0104 6344     		add	r3, r3, ip
 1028 0106 34F91330 		ldrsh	r3, [r4, r3, lsl #1]
 1029              		.loc 1 169 16 view .LVU282
 1030 010a 5382     		strh	r3, [r2, #18]	@ movhi
ARM GAS  C:\Users\liuda\AppData\Local\Temp\ccd3hOBp.s 			page 23


 170:Core/Src/pid.c ****     F[2][1][0] = d_rule[Fe[1] + 3][Fde[0] + 3];
 1031              		.loc 1 170 5 is_stmt 1 view .LVU283
 1032              		.loc 1 170 27 is_stmt 0 view .LVU284
 1033 010c B0F90230 		ldrsh	r3, [r0, #2]
 1034              		.loc 1 170 31 view .LVU285
 1035 0110 0333     		adds	r3, r3, #3
 1036              		.loc 1 170 39 view .LVU286
 1037 0112 B1F900C0 		ldrsh	ip, [r1]
 1038              		.loc 1 170 43 view .LVU287
 1039 0116 0CF1030C 		add	ip, ip, #3
 1040              		.loc 1 170 35 view .LVU288
 1041 011a C3EBC303 		rsb	r3, r3, r3, lsl #3
 1042 011e 6344     		add	r3, r3, ip
 1043 0120 34F91330 		ldrsh	r3, [r4, r3, lsl #1]
 1044              		.loc 1 170 16 view .LVU289
 1045 0124 9382     		strh	r3, [r2, #20]	@ movhi
 171:Core/Src/pid.c ****     F[2][1][1] = d_rule[Fe[1] + 3][Fde[1] + 3];
 1046              		.loc 1 171 5 is_stmt 1 view .LVU290
 1047              		.loc 1 171 27 is_stmt 0 view .LVU291
 1048 0126 B0F90230 		ldrsh	r3, [r0, #2]
 1049              		.loc 1 171 31 view .LVU292
 1050 012a 0333     		adds	r3, r3, #3
 1051              		.loc 1 171 39 view .LVU293
 1052 012c B1F90210 		ldrsh	r1, [r1, #2]
 1053              	.LVL80:
 1054              		.loc 1 171 43 view .LVU294
 1055 0130 0331     		adds	r1, r1, #3
 1056              		.loc 1 171 35 view .LVU295
 1057 0132 C3EBC303 		rsb	r3, r3, r3, lsl #3
 1058 0136 0B44     		add	r3, r3, r1
 1059 0138 34F91330 		ldrsh	r3, [r4, r3, lsl #1]
 1060              		.loc 1 171 16 view .LVU296
 1061 013c D382     		strh	r3, [r2, #22]	@ movhi
 172:Core/Src/pid.c **** }
 1062              		.loc 1 172 1 view .LVU297
 1063 013e 5DF8044B 		ldr	r4, [sp], #4
 1064              	.LCFI12:
 1065              		.cfi_restore 4
 1066              		.cfi_def_cfa_offset 0
 1067 0142 7047     		bx	lr
 1068              	.L57:
 1069              		.align	2
 1070              	.L56:
 1071 0144 00000000 		.word	.LANCHOR0
 1072 0148 00000000 		.word	.LANCHOR1
 1073 014c 00000000 		.word	.LANCHOR2
 1074              		.cfi_endproc
 1075              	.LFE136:
 1077              		.global	__aeabi_dcmplt
 1078              		.section	.text.fuzzy_pid,"ax",%progbits
 1079              		.align	1
 1080              		.global	fuzzy_pid
 1081              		.syntax unified
 1082              		.thumb
 1083              		.thumb_func
 1085              	fuzzy_pid:
 1086              	.LVL81:
ARM GAS  C:\Users\liuda\AppData\Local\Temp\ccd3hOBp.s 			page 24


 1087              	.LFB137:
 173:Core/Src/pid.c **** 
 174:Core/Src/pid.c **** void fuzzy_pid(pid_obj* pid, double error)
 175:Core/Src/pid.c **** {
 1088              		.loc 1 175 1 is_stmt 1 view -0
 1089              		.cfi_startproc
 1090              		@ args = 0, pretend = 0, frame = 88
 1091              		@ frame_needed = 0, uses_anonymous_args = 0
 1092              		.loc 1 175 1 is_stmt 0 view .LVU299
 1093 0000 2DE9D04F 		push	{r4, r6, r7, r8, r9, r10, fp, lr}
 1094              	.LCFI13:
 1095              		.cfi_def_cfa_offset 32
 1096              		.cfi_offset 4, -32
 1097              		.cfi_offset 6, -28
 1098              		.cfi_offset 7, -24
 1099              		.cfi_offset 8, -20
 1100              		.cfi_offset 9, -16
 1101              		.cfi_offset 10, -12
 1102              		.cfi_offset 11, -8
 1103              		.cfi_offset 14, -4
 1104 0004 2DED068B 		vpush.64	{d8, d9, d10}
 1105              	.LCFI14:
 1106              		.cfi_def_cfa_offset 56
 1107              		.cfi_offset 80, -56
 1108              		.cfi_offset 81, -52
 1109              		.cfi_offset 82, -48
 1110              		.cfi_offset 83, -44
 1111              		.cfi_offset 84, -40
 1112              		.cfi_offset 85, -36
 1113 0008 96B0     		sub	sp, sp, #88
 1114              	.LCFI15:
 1115              		.cfi_def_cfa_offset 144
 1116 000a 0446     		mov	r4, r0
 1117 000c B0EE408A 		vmov.f32	s16, s0
 1118 0010 F0EE608A 		vmov.f32	s17, s1
 176:Core/Src/pid.c ****     double derror = error - pid->error_last;
 1119              		.loc 1 176 5 is_stmt 1 view .LVU300
 1120              		.loc 1 176 12 is_stmt 0 view .LVU301
 1121 0014 D0E90623 		ldrd	r2, [r0, #24]
 1122 0018 51EC100B 		vmov	r0, r1, d0
 1123              	.LVL82:
 1124              		.loc 1 176 12 view .LVU302
 1125 001c FFF7FEFF 		bl	__aeabi_dsub
 1126              	.LVL83:
 1127              		.loc 1 176 12 view .LVU303
 1128 0020 41EC110B 		vmov	d1, r0, r1
 1129              	.LVL84:
 177:Core/Src/pid.c ****     double Me[2], Mde[2];
 1130              		.loc 1 177 5 is_stmt 1 view .LVU304
 178:Core/Src/pid.c ****     short int Fe[2], Fde[2], F[3][2][2];
 1131              		.loc 1 178 5 view .LVU305
 179:Core/Src/pid.c ****     membership(error, derror, Me, Mde, Fe, Fde);
 1132              		.loc 1 179 5 view .LVU306
 1133 0024 0CAB     		add	r3, sp, #48
 1134 0026 0DAA     		add	r2, sp, #52
 1135 0028 0EA9     		add	r1, sp, #56
 1136 002a 12A8     		add	r0, sp, #72
ARM GAS  C:\Users\liuda\AppData\Local\Temp\ccd3hOBp.s 			page 25


 1137              	.LVL85:
 1138              		.loc 1 179 5 is_stmt 0 view .LVU307
 1139 002c B0EE480A 		vmov.f32	s0, s16
 1140 0030 F0EE680A 		vmov.f32	s1, s17
 1141 0034 FFF7FEFF 		bl	membership
 1142              	.LVL86:
 180:Core/Src/pid.c ****     fuzzy_rule(Fe, Fde, F);
 1143              		.loc 1 180 5 is_stmt 1 view .LVU308
 1144 0038 06AA     		add	r2, sp, #24
 1145 003a 0CA9     		add	r1, sp, #48
 1146 003c 0DA8     		add	r0, sp, #52
 1147 003e FFF7FEFF 		bl	fuzzy_rule
 1148              	.LVL87:
 181:Core/Src/pid.c ****     pid->Kp += KP_CHANGE * (Me[0] * Mde[0] * F[0][0][0] + Me[1] * Mde[0] * F[0][0][1] + Me[1] * Mde
 1149              		.loc 1 181 5 view .LVU309
 1150              		.loc 1 181 31 is_stmt 0 view .LVU310
 1151 0042 9DED129B 		vldr.64	d9, [sp, #72]
 1152              		.loc 1 181 40 view .LVU311
 1153 0046 9DED0E7B 		vldr.64	d7, [sp, #56]
 1154 004a 8DED007B 		vstr.64	d7, [sp]
 1155              		.loc 1 181 35 view .LVU312
 1156 004e 53EC172B 		vmov	r2, r3, d7
 1157 0052 51EC190B 		vmov	r0, r1, d9
 1158 0056 FFF7FEFF 		bl	__aeabi_dmul
 1159              	.LVL88:
 1160 005a 0646     		mov	r6, r0
 1161 005c 0F46     		mov	r7, r1
 1162              		.loc 1 181 44 view .LVU313
 1163 005e BDF91800 		ldrsh	r0, [sp, #24]
 1164 0062 FFF7FEFF 		bl	__aeabi_i2d
 1165              	.LVL89:
 1166 0066 3246     		mov	r2, r6
 1167 0068 3B46     		mov	r3, r7
 1168 006a FFF7FEFF 		bl	__aeabi_dmul
 1169              	.LVL90:
 1170 006e 8046     		mov	r8, r0
 1171 0070 8946     		mov	r9, r1
 1172              		.loc 1 181 61 view .LVU314
 1173 0072 DDE914AB 		ldrd	r10, [sp, #80]
 1174              		.loc 1 181 65 view .LVU315
 1175 0076 5246     		mov	r2, r10
 1176 0078 5B46     		mov	r3, fp
 1177 007a DDE90001 		ldrd	r0, [sp]
 1178 007e FFF7FEFF 		bl	__aeabi_dmul
 1179              	.LVL91:
 1180 0082 0646     		mov	r6, r0
 1181 0084 0F46     		mov	r7, r1
 1182              		.loc 1 181 74 view .LVU316
 1183 0086 BDF91A00 		ldrsh	r0, [sp, #26]
 1184 008a FFF7FEFF 		bl	__aeabi_i2d
 1185              	.LVL92:
 1186 008e 3246     		mov	r2, r6
 1187 0090 3B46     		mov	r3, r7
 1188 0092 FFF7FEFF 		bl	__aeabi_dmul
 1189              	.LVL93:
 1190 0096 0246     		mov	r2, r0
 1191 0098 0B46     		mov	r3, r1
ARM GAS  C:\Users\liuda\AppData\Local\Temp\ccd3hOBp.s 			page 26


 1192              		.loc 1 181 57 view .LVU317
 1193 009a 4046     		mov	r0, r8
 1194 009c 4946     		mov	r1, r9
 1195 009e FFF7FEFF 		bl	__aeabi_dadd
 1196              	.LVL94:
 1197 00a2 8046     		mov	r8, r0
 1198 00a4 8946     		mov	r9, r1
 1199              		.loc 1 181 104 view .LVU318
 1200 00a6 BDF91C00 		ldrsh	r0, [sp, #28]
 1201 00aa FFF7FEFF 		bl	__aeabi_i2d
 1202              	.LVL95:
 1203 00ae 3246     		mov	r2, r6
 1204 00b0 3B46     		mov	r3, r7
 1205 00b2 FFF7FEFF 		bl	__aeabi_dmul
 1206              	.LVL96:
 1207 00b6 0246     		mov	r2, r0
 1208 00b8 0B46     		mov	r3, r1
 1209              		.loc 1 181 87 view .LVU319
 1210 00ba 4046     		mov	r0, r8
 1211 00bc 4946     		mov	r1, r9
 1212 00be FFF7FEFF 		bl	__aeabi_dadd
 1213              	.LVL97:
 1214 00c2 0646     		mov	r6, r0
 1215 00c4 0F46     		mov	r7, r1
 1216              		.loc 1 181 130 view .LVU320
 1217 00c6 9DED107B 		vldr.64	d7, [sp, #64]
 1218 00ca 8DED027B 		vstr.64	d7, [sp, #8]
 1219              		.loc 1 181 125 view .LVU321
 1220 00ce 53EC172B 		vmov	r2, r3, d7
 1221 00d2 5046     		mov	r0, r10
 1222 00d4 5946     		mov	r1, fp
 1223 00d6 FFF7FEFF 		bl	__aeabi_dmul
 1224              	.LVL98:
 1225 00da 8046     		mov	r8, r0
 1226 00dc 8946     		mov	r9, r1
 1227              		.loc 1 181 134 view .LVU322
 1228 00de BDF91E00 		ldrsh	r0, [sp, #30]
 1229 00e2 FFF7FEFF 		bl	__aeabi_i2d
 1230              	.LVL99:
 1231 00e6 4246     		mov	r2, r8
 1232 00e8 4B46     		mov	r3, r9
 1233 00ea FFF7FEFF 		bl	__aeabi_dmul
 1234              	.LVL100:
 1235 00ee 0246     		mov	r2, r0
 1236 00f0 0B46     		mov	r3, r1
 1237              		.loc 1 181 117 view .LVU323
 1238 00f2 3046     		mov	r0, r6
 1239 00f4 3946     		mov	r1, r7
 1240 00f6 FFF7FEFF 		bl	__aeabi_dadd
 1241              	.LVL101:
 1242              		.loc 1 181 26 view .LVU324
 1243 00fa 0022     		movs	r2, #0
 1244 00fc 0023     		movs	r3, #0
 1245 00fe FFF7FEFF 		bl	__aeabi_dmul
 1246              	.LVL102:
 1247              		.loc 1 181 13 view .LVU325
 1248 0102 D4E90023 		ldrd	r2, [r4]
ARM GAS  C:\Users\liuda\AppData\Local\Temp\ccd3hOBp.s 			page 27


 1249 0106 FFF7FEFF 		bl	__aeabi_dadd
 1250              	.LVL103:
 1251 010a 41EC1A0B 		vmov	d10, r0, r1
 1252 010e C4E90001 		strd	r0, [r4]
 182:Core/Src/pid.c ****     pid->Ki += KI_CHANGE * (Me[0] * Mde[0] * F[1][0][0] + Me[1] * Mde[0] * F[1][0][1] + Me[1] * Mde
 1253              		.loc 1 182 5 is_stmt 1 view .LVU326
 1254              		.loc 1 182 35 is_stmt 0 view .LVU327
 1255 0112 DDE90067 		ldrd	r6, [sp]
 1256 0116 3246     		mov	r2, r6
 1257 0118 3B46     		mov	r3, r7
 1258 011a 51EC190B 		vmov	r0, r1, d9
 1259 011e FFF7FEFF 		bl	__aeabi_dmul
 1260              	.LVL104:
 1261 0122 8046     		mov	r8, r0
 1262 0124 8946     		mov	r9, r1
 1263              		.loc 1 182 44 view .LVU328
 1264 0126 BDF92000 		ldrsh	r0, [sp, #32]
 1265 012a FFF7FEFF 		bl	__aeabi_i2d
 1266              	.LVL105:
 1267 012e CDE90489 		strd	r8, [sp, #16]
 1268 0132 4246     		mov	r2, r8
 1269 0134 4B46     		mov	r3, r9
 1270 0136 FFF7FEFF 		bl	__aeabi_dmul
 1271              	.LVL106:
 1272 013a 8046     		mov	r8, r0
 1273 013c 8946     		mov	r9, r1
 1274              		.loc 1 182 65 view .LVU329
 1275 013e 5246     		mov	r2, r10
 1276 0140 5B46     		mov	r3, fp
 1277 0142 3046     		mov	r0, r6
 1278 0144 3946     		mov	r1, r7
 1279 0146 FFF7FEFF 		bl	__aeabi_dmul
 1280              	.LVL107:
 1281 014a 0646     		mov	r6, r0
 1282 014c 0F46     		mov	r7, r1
 1283              		.loc 1 182 74 view .LVU330
 1284 014e BDF92200 		ldrsh	r0, [sp, #34]
 1285 0152 FFF7FEFF 		bl	__aeabi_i2d
 1286              	.LVL108:
 1287 0156 3246     		mov	r2, r6
 1288 0158 3B46     		mov	r3, r7
 1289 015a FFF7FEFF 		bl	__aeabi_dmul
 1290              	.LVL109:
 1291 015e 0246     		mov	r2, r0
 1292 0160 0B46     		mov	r3, r1
 1293              		.loc 1 182 57 view .LVU331
 1294 0162 4046     		mov	r0, r8
 1295 0164 4946     		mov	r1, r9
 1296 0166 FFF7FEFF 		bl	__aeabi_dadd
 1297              	.LVL110:
 1298 016a 8046     		mov	r8, r0
 1299 016c 8946     		mov	r9, r1
 1300              		.loc 1 182 104 view .LVU332
 1301 016e BDF92400 		ldrsh	r0, [sp, #36]
 1302 0172 FFF7FEFF 		bl	__aeabi_i2d
 1303              	.LVL111:
 1304 0176 3246     		mov	r2, r6
ARM GAS  C:\Users\liuda\AppData\Local\Temp\ccd3hOBp.s 			page 28


 1305 0178 3B46     		mov	r3, r7
 1306 017a FFF7FEFF 		bl	__aeabi_dmul
 1307              	.LVL112:
 1308 017e 0246     		mov	r2, r0
 1309 0180 0B46     		mov	r3, r1
 1310              		.loc 1 182 87 view .LVU333
 1311 0182 4046     		mov	r0, r8
 1312 0184 4946     		mov	r1, r9
 1313 0186 FFF7FEFF 		bl	__aeabi_dadd
 1314              	.LVL113:
 1315 018a 0646     		mov	r6, r0
 1316 018c 0F46     		mov	r7, r1
 1317              		.loc 1 182 125 view .LVU334
 1318 018e DDE90223 		ldrd	r2, [sp, #8]
 1319 0192 5046     		mov	r0, r10
 1320 0194 5946     		mov	r1, fp
 1321 0196 FFF7FEFF 		bl	__aeabi_dmul
 1322              	.LVL114:
 1323 019a 8046     		mov	r8, r0
 1324 019c 8946     		mov	r9, r1
 1325              		.loc 1 182 134 view .LVU335
 1326 019e BDF92600 		ldrsh	r0, [sp, #38]
 1327 01a2 FFF7FEFF 		bl	__aeabi_i2d
 1328              	.LVL115:
 1329 01a6 4246     		mov	r2, r8
 1330 01a8 4B46     		mov	r3, r9
 1331 01aa FFF7FEFF 		bl	__aeabi_dmul
 1332              	.LVL116:
 1333 01ae 0246     		mov	r2, r0
 1334 01b0 0B46     		mov	r3, r1
 1335              		.loc 1 182 117 view .LVU336
 1336 01b2 3046     		mov	r0, r6
 1337 01b4 3946     		mov	r1, r7
 1338 01b6 FFF7FEFF 		bl	__aeabi_dadd
 1339              	.LVL117:
 1340              		.loc 1 182 26 view .LVU337
 1341 01ba 0022     		movs	r2, #0
 1342 01bc 0023     		movs	r3, #0
 1343 01be FFF7FEFF 		bl	__aeabi_dmul
 1344              	.LVL118:
 1345              		.loc 1 182 13 view .LVU338
 1346 01c2 D4E90223 		ldrd	r2, [r4, #8]
 1347 01c6 FFF7FEFF 		bl	__aeabi_dadd
 1348              	.LVL119:
 1349 01ca 41EC190B 		vmov	d9, r0, r1
 1350 01ce C4E90201 		strd	r0, [r4, #8]
 183:Core/Src/pid.c ****     pid->Kd += KD_CHANGE * (Me[0] * Mde[0] * F[2][0][0] + Me[1] * Mde[0] * F[2][0][1] + Me[1] * Mde
 1351              		.loc 1 183 5 is_stmt 1 view .LVU339
 1352              		.loc 1 183 44 is_stmt 0 view .LVU340
 1353 01d2 BDF92800 		ldrsh	r0, [sp, #40]
 1354 01d6 FFF7FEFF 		bl	__aeabi_i2d
 1355              	.LVL120:
 1356 01da DDE90423 		ldrd	r2, [sp, #16]
 1357 01de FFF7FEFF 		bl	__aeabi_dmul
 1358              	.LVL121:
 1359 01e2 0646     		mov	r6, r0
 1360 01e4 0F46     		mov	r7, r1
ARM GAS  C:\Users\liuda\AppData\Local\Temp\ccd3hOBp.s 			page 29


 1361              		.loc 1 183 65 view .LVU341
 1362 01e6 5246     		mov	r2, r10
 1363 01e8 5B46     		mov	r3, fp
 1364 01ea DDE90001 		ldrd	r0, [sp]
 1365 01ee FFF7FEFF 		bl	__aeabi_dmul
 1366              	.LVL122:
 1367 01f2 8046     		mov	r8, r0
 1368 01f4 8946     		mov	r9, r1
 1369              		.loc 1 183 74 view .LVU342
 1370 01f6 BDF92A00 		ldrsh	r0, [sp, #42]
 1371 01fa FFF7FEFF 		bl	__aeabi_i2d
 1372              	.LVL123:
 1373 01fe 4246     		mov	r2, r8
 1374 0200 4B46     		mov	r3, r9
 1375 0202 FFF7FEFF 		bl	__aeabi_dmul
 1376              	.LVL124:
 1377 0206 0246     		mov	r2, r0
 1378 0208 0B46     		mov	r3, r1
 1379              		.loc 1 183 57 view .LVU343
 1380 020a 3046     		mov	r0, r6
 1381 020c 3946     		mov	r1, r7
 1382 020e FFF7FEFF 		bl	__aeabi_dadd
 1383              	.LVL125:
 1384 0212 0646     		mov	r6, r0
 1385 0214 0F46     		mov	r7, r1
 1386              		.loc 1 183 104 view .LVU344
 1387 0216 BDF92C00 		ldrsh	r0, [sp, #44]
 1388 021a FFF7FEFF 		bl	__aeabi_i2d
 1389              	.LVL126:
 1390 021e 4246     		mov	r2, r8
 1391 0220 4B46     		mov	r3, r9
 1392 0222 FFF7FEFF 		bl	__aeabi_dmul
 1393              	.LVL127:
 1394 0226 0246     		mov	r2, r0
 1395 0228 0B46     		mov	r3, r1
 1396              		.loc 1 183 87 view .LVU345
 1397 022a 3046     		mov	r0, r6
 1398 022c 3946     		mov	r1, r7
 1399 022e FFF7FEFF 		bl	__aeabi_dadd
 1400              	.LVL128:
 1401 0232 0646     		mov	r6, r0
 1402 0234 0F46     		mov	r7, r1
 1403              		.loc 1 183 125 view .LVU346
 1404 0236 DDE90223 		ldrd	r2, [sp, #8]
 1405 023a 5046     		mov	r0, r10
 1406 023c 5946     		mov	r1, fp
 1407 023e FFF7FEFF 		bl	__aeabi_dmul
 1408              	.LVL129:
 1409 0242 8046     		mov	r8, r0
 1410 0244 8946     		mov	r9, r1
 1411              		.loc 1 183 134 view .LVU347
 1412 0246 BDF92E00 		ldrsh	r0, [sp, #46]
 1413 024a FFF7FEFF 		bl	__aeabi_i2d
 1414              	.LVL130:
 1415 024e 4246     		mov	r2, r8
 1416 0250 4B46     		mov	r3, r9
 1417 0252 FFF7FEFF 		bl	__aeabi_dmul
ARM GAS  C:\Users\liuda\AppData\Local\Temp\ccd3hOBp.s 			page 30


 1418              	.LVL131:
 1419 0256 0246     		mov	r2, r0
 1420 0258 0B46     		mov	r3, r1
 1421              		.loc 1 183 117 view .LVU348
 1422 025a 3046     		mov	r0, r6
 1423 025c 3946     		mov	r1, r7
 1424 025e FFF7FEFF 		bl	__aeabi_dadd
 1425              	.LVL132:
 1426              		.loc 1 183 26 view .LVU349
 1427 0262 0022     		movs	r2, #0
 1428 0264 0023     		movs	r3, #0
 1429 0266 FFF7FEFF 		bl	__aeabi_dmul
 1430              	.LVL133:
 1431              		.loc 1 183 13 view .LVU350
 1432 026a D4E90423 		ldrd	r2, [r4, #16]
 1433 026e FFF7FEFF 		bl	__aeabi_dadd
 1434              	.LVL134:
 1435 0272 0646     		mov	r6, r0
 1436 0274 0F46     		mov	r7, r1
 1437 0276 C4E90467 		strd	r6, [r4, #16]
 184:Core/Src/pid.c ****     if (pid->Kp < 0)
 1438              		.loc 1 184 5 is_stmt 1 view .LVU351
 1439              		.loc 1 184 8 is_stmt 0 view .LVU352
 1440 027a 0022     		movs	r2, #0
 1441 027c 0023     		movs	r3, #0
 1442 027e 51EC1A0B 		vmov	r0, r1, d10
 1443 0282 FFF7FEFF 		bl	__aeabi_dcmplt
 1444              	.LVL135:
 1445 0286 C8B9     		cbnz	r0, .L69
 1446              	.L59:
 185:Core/Src/pid.c ****     {
 186:Core/Src/pid.c ****         pid->Kp = 0;
 187:Core/Src/pid.c ****     }
 188:Core/Src/pid.c ****     if (pid->Ki < 0)
 1447              		.loc 1 188 5 is_stmt 1 view .LVU353
 1448              		.loc 1 188 8 is_stmt 0 view .LVU354
 1449 0288 0022     		movs	r2, #0
 1450 028a 0023     		movs	r3, #0
 1451 028c 51EC190B 		vmov	r0, r1, d9
 1452 0290 FFF7FEFF 		bl	__aeabi_dcmplt
 1453              	.LVL136:
 1454 0294 B8B9     		cbnz	r0, .L70
 1455              	.L61:
 189:Core/Src/pid.c ****     {
 190:Core/Src/pid.c ****         pid->Ki = 0;
 191:Core/Src/pid.c ****     }
 192:Core/Src/pid.c ****     if (pid->Kd < 0)
 1456              		.loc 1 192 5 is_stmt 1 view .LVU355
 1457              		.loc 1 192 8 is_stmt 0 view .LVU356
 1458 0296 0022     		movs	r2, #0
 1459 0298 0023     		movs	r3, #0
 1460 029a 3046     		mov	r0, r6
 1461 029c 3946     		mov	r1, r7
 1462 029e FFF7FEFF 		bl	__aeabi_dcmplt
 1463              	.LVL137:
 1464 02a2 A8B9     		cbnz	r0, .L71
 1465              	.L63:
ARM GAS  C:\Users\liuda\AppData\Local\Temp\ccd3hOBp.s 			page 31


 193:Core/Src/pid.c ****     {
 194:Core/Src/pid.c ****         pid->Kd = 0;
 195:Core/Src/pid.c ****     }
 196:Core/Src/pid.c ****     pid_output(pid, error);
 1466              		.loc 1 196 5 is_stmt 1 view .LVU357
 1467 02a4 B0EE480A 		vmov.f32	s0, s16
 1468 02a8 F0EE680A 		vmov.f32	s1, s17
 1469 02ac 2046     		mov	r0, r4
 1470 02ae FFF7FEFF 		bl	pid_output
 1471              	.LVL138:
 197:Core/Src/pid.c **** }...
 1472              		.loc 1 197 1 is_stmt 0 view .LVU358
 1473 02b2 16B0     		add	sp, sp, #88
 1474              	.LCFI16:
 1475              		.cfi_remember_state
 1476              		.cfi_def_cfa_offset 56
 1477              		@ sp needed
 1478 02b4 BDEC068B 		vldm	sp!, {d8-d10}
 1479              	.LCFI17:
 1480              		.cfi_restore 84
 1481              		.cfi_restore 85
 1482              		.cfi_restore 82
 1483              		.cfi_restore 83
 1484              		.cfi_restore 80
 1485              		.cfi_restore 81
 1486              		.cfi_def_cfa_offset 32
 1487              	.LVL139:
 1488              		.loc 1 197 1 view .LVU359
 1489 02b8 BDE8D08F 		pop	{r4, r6, r7, r8, r9, r10, fp, pc}
 1490              	.LVL140:
 1491              	.L69:
 1492              	.LCFI18:
 1493              		.cfi_restore_state
 186:Core/Src/pid.c ****         pid->Kp = 0;
 1494              		.loc 1 186 9 is_stmt 1 view .LVU360
 186:Core/Src/pid.c ****         pid->Kp = 0;
 1495              		.loc 1 186 17 is_stmt 0 view .LVU361
 1496 02bc 0022     		movs	r2, #0
 1497 02be 0023     		movs	r3, #0
 1498 02c0 C4E90023 		strd	r2, [r4]
 1499 02c4 E0E7     		b	.L59
 1500              	.L70:
 190:Core/Src/pid.c ****         pid->Ki = 0;
 1501              		.loc 1 190 9 is_stmt 1 view .LVU362
 190:Core/Src/pid.c ****         pid->Ki = 0;
 1502              		.loc 1 190 17 is_stmt 0 view .LVU363
 1503 02c6 0022     		movs	r2, #0
 1504 02c8 0023     		movs	r3, #0
 1505 02ca C4E90223 		strd	r2, [r4, #8]
 1506 02ce E2E7     		b	.L61
 1507              	.L71:
 194:Core/Src/pid.c ****         pid->Kd = 0;
 1508              		.loc 1 194 9 is_stmt 1 view .LVU364
 194:Core/Src/pid.c ****         pid->Kd = 0;
 1509              		.loc 1 194 17 is_stmt 0 view .LVU365
 1510 02d0 0022     		movs	r2, #0
 1511 02d2 0023     		movs	r3, #0
ARM GAS  C:\Users\liuda\AppData\Local\Temp\ccd3hOBp.s 			page 32


 1512 02d4 C4E90423 		strd	r2, [r4, #16]
 1513 02d8 E4E7     		b	.L63
 1514              		.cfi_endproc
 1515              	.LFE137:
 1517              		.global	d_rule
 1518              		.global	i_rule
 1519              		.global	p_rule
 1520              		.section	.rodata.d_rule,"a"
 1521              		.align	2
 1522              		.set	.LANCHOR2,. + 0
 1525              	d_rule:
 1526 0000 0100     		.short	1
 1527 0002 FFFF     		.short	-1
 1528 0004 FDFF     		.short	-3
 1529 0006 FDFF     		.short	-3
 1530 0008 FDFF     		.short	-3
 1531 000a FEFF     		.short	-2
 1532 000c 0100     		.short	1
 1533 000e 0100     		.short	1
 1534 0010 FFFF     		.short	-1
 1535 0012 FDFF     		.short	-3
 1536 0014 FEFF     		.short	-2
 1537 0016 FEFF     		.short	-2
 1538 0018 FFFF     		.short	-1
 1539 001a 0000     		.short	0
 1540 001c 0000     		.short	0
 1541 001e FFFF     		.short	-1
 1542 0020 FEFF     		.short	-2
 1543 0022 FEFF     		.short	-2
 1544 0024 FFFF     		.short	-1
 1545 0026 FFFF     		.short	-1
 1546 0028 0000     		.short	0
 1547 002a 0000     		.short	0
 1548 002c FFFF     		.short	-1
 1549 002e FFFF     		.short	-1
 1550 0030 FFFF     		.short	-1
 1551 0032 FFFF     		.short	-1
 1552 0034 FFFF     		.short	-1
 1553 0036 0000     		.short	0
 1554 0038 0000     		.short	0
 1555 003a 0000     		.short	0
 1556 003c 0000     		.short	0
 1557 003e 0000     		.short	0
 1558 0040 0000     		.short	0
 1559 0042 0000     		.short	0
 1560 0044 0000     		.short	0
 1561 0046 0300     		.short	3
 1562 0048 FFFF     		.short	-1
 1563 004a 0100     		.short	1
 1564 004c 0100     		.short	1
 1565 004e 0100     		.short	1
 1566 0050 0100     		.short	1
 1567 0052 0300     		.short	3
 1568 0054 0300     		.short	3
 1569 0056 0200     		.short	2
 1570 0058 0200     		.short	2
 1571 005a 0200     		.short	2
ARM GAS  C:\Users\liuda\AppData\Local\Temp\ccd3hOBp.s 			page 33


 1572 005c 0100     		.short	1
 1573 005e 0100     		.short	1
 1574 0060 0300     		.short	3
 1575              		.section	.rodata.i_rule,"a"
 1576              		.align	2
 1577              		.set	.LANCHOR1,. + 0
 1580              	i_rule:
 1581 0000 FDFF     		.short	-3
 1582 0002 FDFF     		.short	-3
 1583 0004 FEFF     		.short	-2
 1584 0006 FEFF     		.short	-2
 1585 0008 FFFF     		.short	-1
 1586 000a 0000     		.short	0
 1587 000c 0000     		.short	0
 1588 000e FDFF     		.short	-3
 1589 0010 FDFF     		.short	-3
 1590 0012 FEFF     		.short	-2
 1591 0014 FFFF     		.short	-1
 1592 0016 FFFF     		.short	-1
 1593 0018 0000     		.short	0
 1594 001a 0000     		.short	0
 1595 001c FDFF     		.short	-3
 1596 001e FEFF     		.short	-2
 1597 0020 FFFF     		.short	-1
 1598 0022 FFFF     		.short	-1
 1599 0024 0000     		.short	0
 1600 0026 0100     		.short	1
 1601 0028 0100     		.short	1
 1602 002a FEFF     		.short	-2
 1603 002c FEFF     		.short	-2
 1604 002e FFFF     		.short	-1
 1605 0030 0000     		.short	0
 1606 0032 0100     		.short	1
 1607 0034 0200     		.short	2
 1608 0036 0200     		.short	2
 1609 0038 FEFF     		.short	-2
 1610 003a FFFF     		.short	-1
 1611 003c 0000     		.short	0
 1612 003e 0100     		.short	1
 1613 0040 0100     		.short	1
 1614 0042 0200     		.short	2
 1615 0044 0300     		.short	3
 1616 0046 0000     		.short	0
 1617 0048 0000     		.short	0
 1618 004a 0100     		.short	1
 1619 004c 0100     		.short	1
 1620 004e 0200     		.short	2
 1621 0050 0300     		.short	3
 1622 0052 0300     		.short	3
 1623 0054 0000     		.short	0
 1624 0056 0000     		.short	0
 1625 0058 0100     		.short	1
 1626 005a 0200     		.short	2
 1627 005c 0200     		.short	2
 1628 005e 0300     		.short	3
 1629 0060 0300     		.short	3
 1630              		.section	.rodata.p_rule,"a"
ARM GAS  C:\Users\liuda\AppData\Local\Temp\ccd3hOBp.s 			page 34


 1631              		.align	2
 1632              		.set	.LANCHOR0,. + 0
 1635              	p_rule:
 1636 0000 0300     		.short	3
 1637 0002 0300     		.short	3
 1638 0004 0200     		.short	2
 1639 0006 0200     		.short	2
 1640 0008 0100     		.short	1
 1641 000a 0000     		.short	0
 1642 000c 0000     		.short	0
 1643 000e 0300     		.short	3
 1644 0010 0300     		.short	3
 1645 0012 0200     		.short	2
 1646 0014 0200     		.short	2
 1647 0016 0100     		.short	1
 1648 0018 0000     		.short	0
 1649 001a FFFF     		.short	-1
 1650 001c 0200     		.short	2
 1651 001e 0200     		.short	2
 1652 0020 0200     		.short	2
 1653 0022 0100     		.short	1
 1654 0024 0000     		.short	0
 1655 0026 FFFF     		.short	-1
 1656 0028 FFFF     		.short	-1
 1657 002a 0200     		.short	2
 1658 002c 0200     		.short	2
 1659 002e 0100     		.short	1
 1660 0030 0000     		.short	0
 1661 0032 FFFF     		.short	-1
 1662 0034 FEFF     		.short	-2
 1663 0036 FEFF     		.short	-2
 1664 0038 0100     		.short	1
 1665 003a 0100     		.short	1
 1666 003c 0000     		.short	0
 1667 003e FFFF     		.short	-1
 1668 0040 FFFF     		.short	-1
 1669 0042 FEFF     		.short	-2
 1670 0044 FEFF     		.short	-2
 1671 0046 0100     		.short	1
 1672 0048 0000     		.short	0
 1673 004a FFFF     		.short	-1
 1674 004c FEFF     		.short	-2
 1675 004e FEFF     		.short	-2
 1676 0050 FEFF     		.short	-2
 1677 0052 FDFF     		.short	-3
 1678 0054 0000     		.short	0
 1679 0056 0000     		.short	0
 1680 0058 FEFF     		.short	-2
 1681 005a FEFF     		.short	-2
 1682 005c FEFF     		.short	-2
 1683 005e FDFF     		.short	-3
 1684 0060 FDFF     		.short	-3
 1685              		.text
 1686              	.Letext0:
 1687              		.file 2 "d:\\11.2 2022.02\\arm-none-eabi\\include\\machine\\_default_types.h"
 1688              		.file 3 "d:\\11.2 2022.02\\arm-none-eabi\\include\\sys\\_stdint.h"
 1689              		.file 4 "Drivers/CMSIS/Device/ST/STM32F4xx/Include/stm32f407xx.h"
ARM GAS  C:\Users\liuda\AppData\Local\Temp\ccd3hOBp.s 			page 35


 1690              		.file 5 "Drivers/CMSIS/Device/ST/STM32F4xx/Include/stm32f4xx.h"
 1691              		.file 6 "Drivers/STM32F4xx_HAL_Driver/Inc/stm32f4xx_hal_def.h"
 1692              		.file 7 "Drivers/STM32F4xx_HAL_Driver/Inc/stm32f4xx_hal_gpio.h"
 1693              		.file 8 "Drivers/STM32F4xx_HAL_Driver/Inc/stm32f4xx_hal_dma.h"
 1694              		.file 9 "Drivers/STM32F4xx_HAL_Driver/Inc/stm32f4xx_hal_tim.h"
 1695              		.file 10 "Core/Inc/pid.h"
 1696              		.file 11 "d:\\11.2 2022.02\\arm-none-eabi\\include\\math.h"
ARM GAS  C:\Users\liuda\AppData\Local\Temp\ccd3hOBp.s 			page 36


DEFINED SYMBOLS
                            *ABS*:00000000 pid.c
C:\Users\liuda\AppData\Local\Temp\ccd3hOBp.s:25     .text.pid_output:00000000 $t
C:\Users\liuda\AppData\Local\Temp\ccd3hOBp.s:31     .text.pid_output:00000000 pid_output
C:\Users\liuda\AppData\Local\Temp\ccd3hOBp.s:182    .text.wheel_init:00000000 $t
C:\Users\liuda\AppData\Local\Temp\ccd3hOBp.s:188    .text.wheel_init:00000000 wheel_init
C:\Users\liuda\AppData\Local\Temp\ccd3hOBp.s:333    .text.wheel_init:000000b8 $d
C:\Users\liuda\AppData\Local\Temp\ccd3hOBp.s:340    .text.wheel_reverse:00000000 $t
C:\Users\liuda\AppData\Local\Temp\ccd3hOBp.s:346    .text.wheel_reverse:00000000 wheel_reverse
C:\Users\liuda\AppData\Local\Temp\ccd3hOBp.s:379    .text.wheel_pwm:00000000 $t
C:\Users\liuda\AppData\Local\Temp\ccd3hOBp.s:385    .text.wheel_pwm:00000000 wheel_pwm
C:\Users\liuda\AppData\Local\Temp\ccd3hOBp.s:466    .text.wheel_getVel:00000000 $t
C:\Users\liuda\AppData\Local\Temp\ccd3hOBp.s:472    .text.wheel_getVel:00000000 wheel_getVel
C:\Users\liuda\AppData\Local\Temp\ccd3hOBp.s:528    .text.wheel_getVel:00000040 $d
C:\Users\liuda\AppData\Local\Temp\ccd3hOBp.s:538    .text.membership:00000000 $t
C:\Users\liuda\AppData\Local\Temp\ccd3hOBp.s:544    .text.membership:00000000 membership
C:\Users\liuda\AppData\Local\Temp\ccd3hOBp.s:850    .text.membership:000001a8 $d
C:\Users\liuda\AppData\Local\Temp\ccd3hOBp.s:859    .text.fuzzy_rule:00000000 $t
C:\Users\liuda\AppData\Local\Temp\ccd3hOBp.s:865    .text.fuzzy_rule:00000000 fuzzy_rule
C:\Users\liuda\AppData\Local\Temp\ccd3hOBp.s:1071   .text.fuzzy_rule:00000144 $d
C:\Users\liuda\AppData\Local\Temp\ccd3hOBp.s:1079   .text.fuzzy_pid:00000000 $t
C:\Users\liuda\AppData\Local\Temp\ccd3hOBp.s:1085   .text.fuzzy_pid:00000000 fuzzy_pid
C:\Users\liuda\AppData\Local\Temp\ccd3hOBp.s:1525   .rodata.d_rule:00000000 d_rule
C:\Users\liuda\AppData\Local\Temp\ccd3hOBp.s:1580   .rodata.i_rule:00000000 i_rule
C:\Users\liuda\AppData\Local\Temp\ccd3hOBp.s:1635   .rodata.p_rule:00000000 p_rule
C:\Users\liuda\AppData\Local\Temp\ccd3hOBp.s:1521   .rodata.d_rule:00000000 $d
C:\Users\liuda\AppData\Local\Temp\ccd3hOBp.s:1576   .rodata.i_rule:00000000 $d
C:\Users\liuda\AppData\Local\Temp\ccd3hOBp.s:1631   .rodata.p_rule:00000000 $d

UNDEFINED SYMBOLS
__aeabi_dsub
__aeabi_dmul
__aeabi_dadd
__aeabi_i2d
__aeabi_d2iz
HAL_TIM_PWM_Start
HAL_GPIO_WritePin
HAL_TIM_Encoder_Start
HAL_GPIO_TogglePin
__aeabi_ui2d
__aeabi_ddiv
__aeabi_dcmpge
__aeabi_dcmple
floor
ceil
__aeabi_dcmplt
